<?xml version="1.0" encoding="UTF-8"?>
<coverage generated="1773140363727" clover="3.2.0">
  <project timestamp="1773140363727" name="All files">
    <metrics statements="212" coveredstatements="200" conditionals="166" coveredconditionals="142" methods="37" coveredmethods="31" elements="415" coveredelements="373" complexity="0" loc="212" ncloc="212" packages="1" files="4" classes="4"/>
    <file name="navigation.js" path="/home/runner/work/takahashi-presenter/takahashi-presenter/js/navigation.js">
      <metrics statements="84" coveredstatements="75" conditionals="101" coveredconditionals="82" methods="7" coveredmethods="2"/>
      <line num="3" count="1" type="stmt"/>
      <line num="25" count="0" type="stmt"/>
      <line num="26" count="0" type="stmt"/>
      <line num="33" count="0" type="stmt"/>
      <line num="34" count="0" type="stmt"/>
      <line num="38" count="0" type="stmt"/>
      <line num="39" count="0" type="stmt"/>
      <line num="43" count="0" type="stmt"/>
      <line num="44" count="0" type="stmt"/>
      <line num="54" count="26" type="cond" truecount="2" falsecount="0"/>
      <line num="55" count="5" type="stmt"/>
      <line num="56" count="5" type="stmt"/>
      <line num="57" count="5" type="stmt"/>
      <line num="60" count="5" type="cond" truecount="8" falsecount="0"/>
      <line num="63" count="3" type="stmt"/>
      <line num="65" count="3" type="stmt"/>
      <line num="69" count="2" type="stmt"/>
      <line num="70" count="2" type="cond" truecount="1" falsecount="1"/>
      <line num="71" count="2" type="stmt"/>
      <line num="74" count="21" type="cond" truecount="27" falsecount="0"/>
      <line num="80" count="5" type="stmt"/>
      <line num="81" count="5" type="cond" truecount="2" falsecount="0"/>
      <line num="82" count="5" type="stmt"/>
      <line num="88" count="3" type="stmt"/>
      <line num="89" count="3" type="cond" truecount="1" falsecount="1"/>
      <line num="90" count="3" type="stmt"/>
      <line num="94" count="1" type="stmt"/>
      <line num="95" count="1" type="cond" truecount="1" falsecount="1"/>
      <line num="96" count="1" type="stmt"/>
      <line num="100" count="1" type="stmt"/>
      <line num="101" count="1" type="cond" truecount="1" falsecount="1"/>
      <line num="102" count="1" type="stmt"/>
      <line num="107" count="2" type="stmt"/>
      <line num="108" count="2" type="cond" truecount="1" falsecount="1"/>
      <line num="109" count="2" type="stmt"/>
      <line num="114" count="1" type="stmt"/>
      <line num="115" count="1" type="cond" truecount="1" falsecount="1"/>
      <line num="116" count="1" type="stmt"/>
      <line num="121" count="1" type="stmt"/>
      <line num="122" count="1" type="cond" truecount="1" falsecount="1"/>
      <line num="123" count="1" type="stmt"/>
      <line num="128" count="1" type="stmt"/>
      <line num="129" count="1" type="cond" truecount="1" falsecount="1"/>
      <line num="130" count="1" type="stmt"/>
      <line num="134" count="1" type="stmt"/>
      <line num="135" count="1" type="cond" truecount="1" falsecount="1"/>
      <line num="136" count="1" type="stmt"/>
      <line num="141" count="1" type="stmt"/>
      <line num="142" count="1" type="cond" truecount="1" falsecount="1"/>
      <line num="143" count="1" type="stmt"/>
      <line num="148" count="1" type="stmt"/>
      <line num="149" count="1" type="cond" truecount="1" falsecount="1"/>
      <line num="150" count="1" type="stmt"/>
      <line num="154" count="1" type="stmt"/>
      <line num="155" count="1" type="cond" truecount="1" falsecount="1"/>
      <line num="156" count="1" type="stmt"/>
      <line num="161" count="1" type="stmt"/>
      <line num="162" count="1" type="cond" truecount="1" falsecount="1"/>
      <line num="163" count="1" type="stmt"/>
      <line num="168" count="1" type="stmt"/>
      <line num="169" count="1" type="cond" truecount="1" falsecount="1"/>
      <line num="170" count="1" type="stmt"/>
      <line num="180" count="7" type="stmt"/>
      <line num="181" count="7" type="stmt"/>
      <line num="182" count="7" type="stmt"/>
      <line num="184" count="7" type="cond" truecount="7" falsecount="1"/>
      <line num="187" count="2" type="stmt"/>
      <line num="191" count="5" type="cond" truecount="7" falsecount="0"/>
      <line num="196" count="1" type="stmt"/>
      <line num="199" count="4" type="stmt"/>
      <line num="203" count="4" type="cond" truecount="5" falsecount="0"/>
      <line num="204" count="1" type="stmt"/>
      <line num="205" count="3" type="cond" truecount="1" falsecount="1"/>
      <line num="206" count="3" type="stmt"/>
      <line num="208" count="0" type="stmt"/>
      <line num="211" count="4" type="stmt"/>
      <line num="212" count="4" type="stmt"/>
      <line num="213" count="4" type="stmt"/>
      <line num="215" count="4" type="cond" truecount="2" falsecount="0"/>
      <line num="217" count="1" type="cond" truecount="1" falsecount="1"/>
      <line num="218" count="3" type="cond" truecount="2" falsecount="0"/>
      <line num="220" count="2" type="cond" truecount="1" falsecount="1"/>
      <line num="226" count="1" type="cond" truecount="3" falsecount="1"/>
      <line num="227" count="1" type="stmt"/>
    </file>
    <file name="parser.js" path="/home/runner/work/takahashi-presenter/takahashi-presenter/js/parser.js">
      <metrics statements="53" coveredstatements="53" conditionals="25" coveredconditionals="23" methods="14" coveredmethods="14"/>
      <line num="3" count="1" type="stmt"/>
      <line num="16" count="24" type="cond" truecount="4" falsecount="0"/>
      <line num="17" count="6" type="stmt"/>
      <line num="21" count="18" type="stmt"/>
      <line num="24" count="18" type="stmt"/>
      <line num="27" count="18" type="stmt"/>
      <line num="28" count="35" type="stmt"/>
      <line num="29" count="35" type="stmt"/>
      <line num="30" count="35" type="stmt"/>
      <line num="32" count="18" type="stmt"/>
      <line num="47" count="25" type="stmt"/>
      <line num="48" count="25" type="stmt"/>
      <line num="50" count="25" type="cond" truecount="2" falsecount="0"/>
      <line num="51" count="19" type="stmt"/>
      <line num="54" count="6" type="stmt"/>
      <line num="55" count="6" type="stmt"/>
      <line num="58" count="6" type="stmt"/>
      <line num="59" count="6" type="stmt"/>
      <line num="60" count="8" type="stmt"/>
      <line num="61" count="8" type="cond" truecount="3" falsecount="1"/>
      <line num="62" count="8" type="stmt"/>
      <line num="63" count="8" type="stmt"/>
      <line num="67" count="6" type="stmt"/>
      <line num="82" count="21" type="stmt"/>
      <line num="86" count="21" type="stmt"/>
      <line num="89" count="21" type="stmt"/>
      <line num="91" count="21" type="stmt"/>
      <line num="102" count="42" type="stmt"/>
      <line num="109" count="42" type="cond" truecount="2" falsecount="0"/>
      <line num="110" count="5" type="stmt"/>
      <line num="111" count="5" type="stmt"/>
      <line num="112" count="5" type="stmt"/>
      <line num="116" count="42" type="cond" truecount="2" falsecount="0"/>
      <line num="117" count="3" type="stmt"/>
      <line num="118" count="3" type="stmt"/>
      <line num="119" count="3" type="stmt"/>
      <line num="122" count="42" type="stmt"/>
      <line num="131" count="2" type="stmt"/>
      <line num="140" count="6" type="stmt"/>
      <line num="142" count="6" type="stmt"/>
      <line num="156" count="9" type="stmt"/>
      <line num="158" count="9" type="stmt"/>
      <line num="160" count="12" type="cond" truecount="2" falsecount="0"/>
      <line num="161" count="2" type="stmt"/>
      <line num="165" count="12" type="stmt"/>
      <line num="166" count="20" type="stmt"/>
      <line num="167" count="12" type="cond" truecount="2" falsecount="0"/>
      <line num="168" count="4" type="stmt"/>
      <line num="172" count="9" type="stmt"/>
      <line num="181" count="2" type="stmt"/>
      <line num="182" count="2" type="stmt"/>
      <line num="186" count="1" type="cond" truecount="3" falsecount="1"/>
      <line num="187" count="1" type="stmt"/>
    </file>
    <file name="renderer.js" path="/home/runner/work/takahashi-presenter/takahashi-presenter/js/renderer.js">
      <metrics statements="53" coveredstatements="50" conditionals="32" coveredconditionals="30" methods="10" coveredmethods="9"/>
      <line num="3" count="1" type="stmt"/>
      <line num="16" count="27" type="stmt"/>
      <line num="17" count="27" type="stmt"/>
      <line num="18" count="27" type="stmt"/>
      <line num="19" count="27" type="stmt"/>
      <line num="27" count="28" type="cond" truecount="5" falsecount="0"/>
      <line num="28" count="2" type="stmt"/>
      <line num="31" count="26" type="stmt"/>
      <line num="32" count="26" type="stmt"/>
      <line num="33" count="26" type="stmt"/>
      <line num="36" count="26" type="cond" truecount="2" falsecount="0"/>
      <line num="37" count="1" type="stmt"/>
      <line num="39" count="25" type="stmt"/>
      <line num="43" count="26" type="cond" truecount="2" falsecount="0"/>
      <line num="44" count="1" type="stmt"/>
      <line num="46" count="25" type="stmt"/>
      <line num="50" count="26" type="stmt"/>
      <line num="53" count="26" type="cond" truecount="1" falsecount="1"/>
      <line num="54" count="0" type="stmt"/>
      <line num="55" count="0" type="stmt"/>
      <line num="56" count="0" type="stmt"/>
      <line num="59" count="26" type="stmt"/>
      <line num="67" count="26" type="stmt"/>
      <line num="68" count="26" type="stmt"/>
      <line num="74" count="26" type="cond" truecount="2" falsecount="0"/>
      <line num="75" count="10" type="stmt"/>
      <line num="76" count="16" type="cond" truecount="2" falsecount="0"/>
      <line num="77" count="8" type="stmt"/>
      <line num="78" count="8" type="cond" truecount="2" falsecount="0"/>
      <line num="79" count="4" type="stmt"/>
      <line num="80" count="4" type="cond" truecount="2" falsecount="0"/>
      <line num="81" count="1" type="stmt"/>
      <line num="82" count="3" type="cond" truecount="2" falsecount="0"/>
      <line num="83" count="1" type="stmt"/>
      <line num="84" count="2" type="cond" truecount="2" falsecount="0"/>
      <line num="85" count="1" type="stmt"/>
      <line num="87" count="1" type="stmt"/>
      <line num="90" count="26" type="stmt"/>
      <line num="98" count="2" type="cond" truecount="2" falsecount="0"/>
      <line num="99" count="1" type="stmt"/>
      <line num="100" count="1" type="stmt"/>
      <line num="102" count="1" type="stmt"/>
      <line num="110" count="2" type="cond" truecount="2" falsecount="0"/>
      <line num="111" count="1" type="stmt"/>
      <line num="112" count="1" type="stmt"/>
      <line num="114" count="1" type="stmt"/>
      <line num="121" count="1" type="stmt"/>
      <line num="128" count="1" type="stmt"/>
      <line num="136" count="3" type="stmt"/>
      <line num="148" count="2" type="stmt"/>
      <line num="149" count="2" type="stmt"/>
      <line num="153" count="1" type="cond" truecount="3" falsecount="1"/>
      <line num="154" count="1" type="stmt"/>
    </file>
    <file name="storage.js" path="/home/runner/work/takahashi-presenter/takahashi-presenter/js/storage.js">
      <metrics statements="22" coveredstatements="22" conditionals="8" coveredconditionals="7" methods="6" coveredmethods="6"/>
      <line num="3" count="1" type="stmt"/>
      <line num="12" count="8" type="stmt"/>
      <line num="13" count="8" type="stmt"/>
      <line num="15" count="1" type="stmt"/>
      <line num="21" count="7" type="stmt"/>
      <line num="22" count="7" type="cond" truecount="2" falsecount="0"/>
      <line num="24" count="1" type="stmt"/>
      <line num="25" count="1" type="stmt"/>
      <line num="31" count="6" type="stmt"/>
      <line num="32" count="6" type="stmt"/>
      <line num="34" count="1" type="stmt"/>
      <line num="40" count="6" type="stmt"/>
      <line num="41" count="6" type="stmt"/>
      <line num="42" count="6" type="cond" truecount="2" falsecount="0"/>
      <line num="44" count="1" type="stmt"/>
      <line num="45" count="1" type="stmt"/>
      <line num="51" count="3" type="stmt"/>
      <line num="52" count="3" type="stmt"/>
      <line num="53" count="7" type="stmt"/>
      <line num="56" count="1" type="stmt"/>
      <line num="61" count="1" type="cond" truecount="3" falsecount="1"/>
      <line num="62" count="1" type="stmt"/>
    </file>
  </project>
</coverage>
