{"/home/runner/work/takahashi-presenter/takahashi-presenter/js/app.js": {"path":"/home/runner/work/takahashi-presenter/takahashi-presenter/js/app.js","statementMap":{"0":{"start":{"line":3,"column":0},"end":{"line":225,"column":3}},"1":{"start":{"line":4,"column":23},"end":{"line":4,"column":60}},"2":{"start":{"line":5,"column":24},"end":{"line":5,"column":68}},"3":{"start":{"line":6,"column":26},"end":{"line":6,"column":66}},"4":{"start":{"line":7,"column":21},"end":{"line":7,"column":56}},"5":{"start":{"line":8,"column":24},"end":{"line":8,"column":62}},"6":{"start":{"line":9,"column":22},"end":{"line":9,"column":58}},"7":{"start":{"line":10,"column":24},"end":{"line":10,"column":62}},"8":{"start":{"line":11,"column":23},"end":{"line":11,"column":60}},"9":{"start":{"line":12,"column":28},"end":{"line":12,"column":70}},"10":{"start":{"line":13,"column":21},"end":{"line":13,"column":56}},"11":{"start":{"line":14,"column":24},"end":{"line":14,"column":62}},"12":{"start":{"line":17,"column":21},"end":{"line":19,"column":5}},"13":{"start":{"line":22,"column":25},"end":{"line":22,"column":57}},"14":{"start":{"line":23,"column":4},"end":{"line":25,"column":5}},"15":{"start":{"line":24,"column":8},"end":{"line":24,"column":40}},"16":{"start":{"line":28,"column":4},"end":{"line":31,"column":7}},"17":{"start":{"line":29,"column":8},"end":{"line":29,"column":58}},"18":{"start":{"line":30,"column":8},"end":{"line":30,"column":26}},"19":{"start":{"line":35,"column":24},"end":{"line":35,"column":47}},"20":{"start":{"line":36,"column":28},"end":{"line":36,"column":73}},"21":{"start":{"line":38,"column":8},"end":{"line":41,"column":9}},"22":{"start":{"line":39,"column":12},"end":{"line":39,"column":39}},"23":{"start":{"line":40,"column":12},"end":{"line":40,"column":19}},"24":{"start":{"line":43,"column":27},"end":{"line":43,"column":56}},"25":{"start":{"line":45,"column":8},"end":{"line":73,"column":9}},"26":{"start":{"line":46,"column":12},"end":{"line":50,"column":14}},"27":{"start":{"line":52,"column":12},"end":{"line":62,"column":13}},"28":{"start":{"line":53,"column":37},"end":{"line":55,"column":29}},"29":{"start":{"line":54,"column":30},"end":{"line":54,"column":45}},"30":{"start":{"line":56,"column":16},"end":{"line":61,"column":18}},"31":{"start":{"line":64,"column":31},"end":{"line":66,"column":25}},"32":{"start":{"line":65,"column":26},"end":{"line":65,"column":41}},"33":{"start":{"line":67,"column":12},"end":{"line":72,"column":14}},"34":{"start":{"line":77,"column":4},"end":{"line":79,"column":5}},"35":{"start":{"line":78,"column":8},"end":{"line":78,"column":26}},"36":{"start":{"line":82,"column":4},"end":{"line":111,"column":7}},"37":{"start":{"line":83,"column":27},"end":{"line":83,"column":41}},"38":{"start":{"line":85,"column":8},"end":{"line":85,"column":32}},"39":{"start":{"line":85,"column":25},"end":{"line":85,"column":32}},"40":{"start":{"line":87,"column":28},"end":{"line":87,"column":48}},"41":{"start":{"line":89,"column":8},"end":{"line":94,"column":9}},"42":{"start":{"line":90,"column":12},"end":{"line":90,"column":60}},"43":{"start":{"line":91,"column":12},"end":{"line":91,"column":96}},"44":{"start":{"line":92,"column":12},"end":{"line":92,"column":32}},"45":{"start":{"line":93,"column":12},"end":{"line":93,"column":19}},"46":{"start":{"line":96,"column":8},"end":{"line":110,"column":9}},"47":{"start":{"line":97,"column":29},"end":{"line":97,"column":53}},"48":{"start":{"line":98,"column":12},"end":{"line":98,"column":72}},"49":{"start":{"line":98,"column":30},"end":{"line":98,"column":72}},"50":{"start":{"line":100,"column":28},"end":{"line":100,"column":49}},"51":{"start":{"line":101,"column":12},"end":{"line":101,"column":39}},"52":{"start":{"line":102,"column":12},"end":{"line":102,"column":53}},"53":{"start":{"line":103,"column":12},"end":{"line":103,"column":30}},"54":{"start":{"line":106,"column":12},"end":{"line":106,"column":32}},"55":{"start":{"line":108,"column":12},"end":{"line":108,"column":59}},"56":{"start":{"line":109,"column":12},"end":{"line":109,"column":63}},"57":{"start":{"line":114,"column":4},"end":{"line":119,"column":7}},"58":{"start":{"line":115,"column":8},"end":{"line":118,"column":9}},"59":{"start":{"line":116,"column":12},"end":{"line":116,"column":34}},"60":{"start":{"line":117,"column":12},"end":{"line":117,"column":48}},"61":{"start":{"line":122,"column":4},"end":{"line":127,"column":7}},"62":{"start":{"line":123,"column":21},"end":{"line":123,"column":38}},"63":{"start":{"line":124,"column":8},"end":{"line":126,"column":9}},"64":{"start":{"line":125,"column":12},"end":{"line":125,"column":27}},"65":{"start":{"line":130,"column":4},"end":{"line":144,"column":7}},"66":{"start":{"line":131,"column":24},"end":{"line":131,"column":40}},"67":{"start":{"line":132,"column":8},"end":{"line":135,"column":9}},"68":{"start":{"line":133,"column":12},"end":{"line":133,"column":42}},"69":{"start":{"line":134,"column":12},"end":{"line":134,"column":19}},"70":{"start":{"line":137,"column":21},"end":{"line":137,"column":64}},"71":{"start":{"line":138,"column":20},"end":{"line":138,"column":45}},"72":{"start":{"line":139,"column":18},"end":{"line":139,"column":45}},"73":{"start":{"line":140,"column":8},"end":{"line":140,"column":21}},"74":{"start":{"line":141,"column":8},"end":{"line":141,"column":40}},"75":{"start":{"line":142,"column":8},"end":{"line":142,"column":18}},"76":{"start":{"line":143,"column":8},"end":{"line":143,"column":33}},"77":{"start":{"line":147,"column":4},"end":{"line":151,"column":7}},"78":{"start":{"line":148,"column":8},"end":{"line":148,"column":27}},"79":{"start":{"line":149,"column":8},"end":{"line":149,"column":44}},"80":{"start":{"line":150,"column":8},"end":{"line":150,"column":47}},"81":{"start":{"line":153,"column":4},"end":{"line":157,"column":7}},"82":{"start":{"line":154,"column":8},"end":{"line":154,"column":27}},"83":{"start":{"line":155,"column":8},"end":{"line":155,"column":47}},"84":{"start":{"line":156,"column":8},"end":{"line":156,"column":44}},"85":{"start":{"line":159,"column":4},"end":{"line":170,"column":7}},"86":{"start":{"line":160,"column":8},"end":{"line":160,"column":27}},"87":{"start":{"line":161,"column":8},"end":{"line":161,"column":47}},"88":{"start":{"line":162,"column":8},"end":{"line":162,"column":44}},"89":{"start":{"line":164,"column":21},"end":{"line":164,"column":44}},"90":{"start":{"line":165,"column":8},"end":{"line":169,"column":9}},"91":{"start":{"line":166,"column":12},"end":{"line":166,"column":27}},"92":{"start":{"line":168,"column":12},"end":{"line":168,"column":52}},"93":{"start":{"line":174,"column":23},"end":{"line":174,"column":39}},"94":{"start":{"line":175,"column":8},"end":{"line":179,"column":10}},"95":{"start":{"line":176,"column":12},"end":{"line":176,"column":51}},"96":{"start":{"line":177,"column":12},"end":{"line":177,"column":65}},"97":{"start":{"line":178,"column":12},"end":{"line":178,"column":30}},"98":{"start":{"line":180,"column":8},"end":{"line":180,"column":32}},"99":{"start":{"line":184,"column":4},"end":{"line":202,"column":7}},"100":{"start":{"line":185,"column":24},"end":{"line":185,"column":47}},"101":{"start":{"line":187,"column":8},"end":{"line":190,"column":9}},"102":{"start":{"line":188,"column":12},"end":{"line":188,"column":70}},"103":{"start":{"line":189,"column":12},"end":{"line":189,"column":19}},"104":{"start":{"line":193,"column":25},"end":{"line":197,"column":9}},"105":{"start":{"line":198,"column":8},"end":{"line":198,"column":46}},"106":{"start":{"line":201,"column":8},"end":{"line":201,"column":48}},"107":{"start":{"line":205,"column":26},"end":{"line":205,"column":54}},"108":{"start":{"line":206,"column":4},"end":{"line":210,"column":5}},"109":{"start":{"line":207,"column":8},"end":{"line":207,"column":58}},"110":{"start":{"line":208,"column":8},"end":{"line":208,"column":62}},"111":{"start":{"line":209,"column":8},"end":{"line":209,"column":68}},"112":{"start":{"line":214,"column":24},"end":{"line":214,"column":63}},"113":{"start":{"line":215,"column":8},"end":{"line":215,"column":62}},"114":{"start":{"line":216,"column":8},"end":{"line":216,"column":60}},"115":{"start":{"line":220,"column":4},"end":{"line":220,"column":25}},"116":{"start":{"line":223,"column":4},"end":{"line":223,"column":63}},"117":{"start":{"line":224,"column":4},"end":{"line":224,"column":62}}},"fnMap":{"0":{"name":"(anonymous_0)","decl":{"start":{"line":3,"column":46},"end":{"line":3,"column":47}},"loc":{"start":{"line":3,"column":52},"end":{"line":225,"column":1}},"line":3},"1":{"name":"(anonymous_1)","decl":{"start":{"line":28,"column":41},"end":{"line":28,"column":42}},"loc":{"start":{"line":28,"column":47},"end":{"line":31,"column":5}},"line":28},"2":{"name":"validateContent","decl":{"start":{"line":34,"column":13},"end":{"line":34,"column":28}},"loc":{"start":{"line":34,"column":31},"end":{"line":74,"column":5}},"line":34},"3":{"name":"(anonymous_3)","decl":{"start":{"line":54,"column":25},"end":{"line":54,"column":26}},"loc":{"start":{"line":54,"column":30},"end":{"line":54,"column":45}},"line":54},"4":{"name":"(anonymous_4)","decl":{"start":{"line":65,"column":21},"end":{"line":65,"column":22}},"loc":{"start":{"line":65,"column":26},"end":{"line":65,"column":41}},"line":65},"5":{"name":"(anonymous_5)","decl":{"start":{"line":82,"column":45},"end":{"line":82,"column":46}},"loc":{"start":{"line":82,"column":58},"end":{"line":111,"column":5}},"line":82},"6":{"name":"(anonymous_6)","decl":{"start":{"line":114,"column":39},"end":{"line":114,"column":40}},"loc":{"start":{"line":114,"column":45},"end":{"line":119,"column":5}},"line":114},"7":{"name":"(anonymous_7)","decl":{"start":{"line":122,"column":41},"end":{"line":122,"column":42}},"loc":{"start":{"line":122,"column":48},"end":{"line":127,"column":5}},"line":122},"8":{"name":"(anonymous_8)","decl":{"start":{"line":130,"column":42},"end":{"line":130,"column":43}},"loc":{"start":{"line":130,"column":48},"end":{"line":144,"column":5}},"line":130},"9":{"name":"(anonymous_9)","decl":{"start":{"line":147,"column":42},"end":{"line":147,"column":43}},"loc":{"start":{"line":147,"column":49},"end":{"line":151,"column":5}},"line":147},"10":{"name":"(anonymous_10)","decl":{"start":{"line":153,"column":43},"end":{"line":153,"column":44}},"loc":{"start":{"line":153,"column":50},"end":{"line":157,"column":5}},"line":153},"11":{"name":"(anonymous_11)","decl":{"start":{"line":159,"column":38},"end":{"line":159,"column":39}},"loc":{"start":{"line":159,"column":45},"end":{"line":170,"column":5}},"line":159},"12":{"name":"loadFile","decl":{"start":{"line":173,"column":13},"end":{"line":173,"column":21}},"loc":{"start":{"line":173,"column":28},"end":{"line":181,"column":5}},"line":173},"13":{"name":"(anonymous_13)","decl":{"start":{"line":175,"column":24},"end":{"line":175,"column":25}},"loc":{"start":{"line":175,"column":35},"end":{"line":179,"column":9}},"line":175},"14":{"name":"(anonymous_14)","decl":{"start":{"line":184,"column":42},"end":{"line":184,"column":43}},"loc":{"start":{"line":184,"column":48},"end":{"line":202,"column":5}},"line":184},"15":{"name":"updateThemePreview","decl":{"start":{"line":213,"column":13},"end":{"line":213,"column":31}},"loc":{"start":{"line":213,"column":34},"end":{"line":217,"column":5}},"line":213}},"branchMap":{"0":{"loc":{"start":{"line":23,"column":4},"end":{"line":25,"column":5}},"type":"if","locations":[{"start":{"line":23,"column":4},"end":{"line":25,"column":5}},{"start":{},"end":{}}],"line":23},"1":{"loc":{"start":{"line":38,"column":8},"end":{"line":41,"column":9}},"type":"if","locations":[{"start":{"line":38,"column":8},"end":{"line":41,"column":9}},{"start":{},"end":{}}],"line":38},"2":{"loc":{"start":{"line":45,"column":8},"end":{"line":73,"column":9}},"type":"if","locations":[{"start":{"line":45,"column":8},"end":{"line":73,"column":9}},{"start":{"line":63,"column":15},"end":{"line":73,"column":9}}],"line":45},"3":{"loc":{"start":{"line":48,"column":54},"end":{"line":48,"column":92}},"type":"cond-expr","locations":[{"start":{"line":48,"column":84},"end":{"line":48,"column":87}},{"start":{"line":48,"column":90},"end":{"line":48,"column":92}}],"line":48},"4":{"loc":{"start":{"line":52,"column":12},"end":{"line":62,"column":13}},"type":"if","locations":[{"start":{"line":52,"column":12},"end":{"line":62,"column":13}},{"start":{},"end":{}}],"line":52},"5":{"loc":{"start":{"line":77,"column":4},"end":{"line":79,"column":5}},"type":"if","locations":[{"start":{"line":77,"column":4},"end":{"line":79,"column":5}},{"start":{},"end":{}}],"line":77},"6":{"loc":{"start":{"line":85,"column":8},"end":{"line":85,"column":32}},"type":"if","locations":[{"start":{"line":85,"column":8},"end":{"line":85,"column":32}},{"start":{},"end":{}}],"line":85},"7":{"loc":{"start":{"line":89,"column":8},"end":{"line":94,"column":9}},"type":"if","locations":[{"start":{"line":89,"column":8},"end":{"line":94,"column":9}},{"start":{},"end":{}}],"line":89},"8":{"loc":{"start":{"line":98,"column":12},"end":{"line":98,"column":72}},"type":"if","locations":[{"start":{"line":98,"column":12},"end":{"line":98,"column":72}},{"start":{},"end":{}}],"line":98},"9":{"loc":{"start":{"line":115,"column":8},"end":{"line":118,"column":9}},"type":"if","locations":[{"start":{"line":115,"column":8},"end":{"line":118,"column":9}},{"start":{},"end":{}}],"line":115},"10":{"loc":{"start":{"line":124,"column":8},"end":{"line":126,"column":9}},"type":"if","locations":[{"start":{"line":124,"column":8},"end":{"line":126,"column":9}},{"start":{},"end":{}}],"line":124},"11":{"loc":{"start":{"line":132,"column":8},"end":{"line":135,"column":9}},"type":"if","locations":[{"start":{"line":132,"column":8},"end":{"line":135,"column":9}},{"start":{},"end":{}}],"line":132},"12":{"loc":{"start":{"line":165,"column":8},"end":{"line":169,"column":9}},"type":"if","locations":[{"start":{"line":165,"column":8},"end":{"line":169,"column":9}},{"start":{"line":167,"column":15},"end":{"line":169,"column":9}}],"line":165},"13":{"loc":{"start":{"line":165,"column":12},"end":{"line":165,"column":77}},"type":"binary-expr","locations":[{"start":{"line":165,"column":12},"end":{"line":165,"column":16}},{"start":{"line":165,"column":21},"end":{"line":165,"column":47}},{"start":{"line":165,"column":51},"end":{"line":165,"column":76}}],"line":165},"14":{"loc":{"start":{"line":187,"column":8},"end":{"line":190,"column":9}},"type":"if","locations":[{"start":{"line":187,"column":8},"end":{"line":190,"column":9}},{"start":{},"end":{}}],"line":187},"15":{"loc":{"start":{"line":206,"column":4},"end":{"line":210,"column":5}},"type":"if","locations":[{"start":{"line":206,"column":4},"end":{"line":210,"column":5}},{"start":{},"end":{}}],"line":206},"16":{"loc":{"start":{"line":207,"column":28},"end":{"line":207,"column":57}},"type":"binary-expr","locations":[{"start":{"line":207,"column":28},"end":{"line":207,"column":47}},{"start":{"line":207,"column":51},"end":{"line":207,"column":57}}],"line":207},"17":{"loc":{"start":{"line":208,"column":27},"end":{"line":208,"column":61}},"type":"binary-expr","locations":[{"start":{"line":208,"column":27},"end":{"line":208,"column":45}},{"start":{"line":208,"column":49},"end":{"line":208,"column":61}}],"line":208}},"s":{"0":0,"1":0,"2":0,"3":0,"4":0,"5":0,"6":0,"7":0,"8":0,"9":0,"10":0,"11":0,"12":0,"13":0,"14":0,"15":0,"16":0,"17":0,"18":0,"19":0,"20":0,"21":0,"22":0,"23":0,"24":0,"25":0,"26":0,"27":0,"28":0,"29":0,"30":0,"31":0,"32":0,"33":0,"34":0,"35":0,"36":0,"37":0,"38":0,"39":0,"40":0,"41":0,"42":0,"43":0,"44":0,"45":0,"46":0,"47":0,"48":0,"49":0,"50":0,"51":0,"52":0,"53":0,"54":0,"55":0,"56":0,"57":0,"58":0,"59":0,"60":0,"61":0,"62":0,"63":0,"64":0,"65":0,"66":0,"67":0,"68":0,"69":0,"70":0,"71":0,"72":0,"73":0,"74":0,"75":0,"76":0,"77":0,"78":0,"79":0,"80":0,"81":0,"82":0,"83":0,"84":0,"85":0,"86":0,"87":0,"88":0,"89":0,"90":0,"91":0,"92":0,"93":0,"94":0,"95":0,"96":0,"97":0,"98":0,"99":0,"100":0,"101":0,"102":0,"103":0,"104":0,"105":0,"106":0,"107":0,"108":0,"109":0,"110":0,"111":0,"112":0,"113":0,"114":0,"115":0,"116":0,"117":0},"f":{"0":0,"1":0,"2":0,"3":0,"4":0,"5":0,"6":0,"7":0,"8":0,"9":0,"10":0,"11":0,"12":0,"13":0,"14":0,"15":0},"b":{"0":[0,0],"1":[0,0],"2":[0,0],"3":[0,0],"4":[0,0],"5":[0,0],"6":[0,0],"7":[0,0],"8":[0,0],"9":[0,0],"10":[0,0],"11":[0,0],"12":[0,0],"13":[0,0,0],"14":[0,0],"15":[0,0],"16":[0,0],"17":[0,0]}}
,"/home/runner/work/takahashi-presenter/takahashi-presenter/js/navigation.js": {"path":"/home/runner/work/takahashi-presenter/takahashi-presenter/js/navigation.js","statementMap":{"0":{"start":{"line":3,"column":29},"end":{"line":224,"column":1}},"1":{"start":{"line":25,"column":8},"end":{"line":25,"column":39}},"2":{"start":{"line":26,"column":8},"end":{"line":26,"column":36}},"3":{"start":{"line":33,"column":8},"end":{"line":35,"column":11}},"4":{"start":{"line":34,"column":12},"end":{"line":34,"column":35}},"5":{"start":{"line":38,"column":8},"end":{"line":40,"column":11}},"6":{"start":{"line":39,"column":12},"end":{"line":39,"column":30}},"7":{"start":{"line":43,"column":8},"end":{"line":45,"column":11}},"8":{"start":{"line":44,"column":12},"end":{"line":44,"column":30}},"9":{"start":{"line":54,"column":8},"end":{"line":72,"column":9}},"10":{"start":{"line":55,"column":30},"end":{"line":55,"column":66}},"11":{"start":{"line":56,"column":33},"end":{"line":56,"column":72}},"12":{"start":{"line":57,"column":30},"end":{"line":57,"column":66}},"13":{"start":{"line":60,"column":12},"end":{"line":66,"column":13}},"14":{"start":{"line":63,"column":16},"end":{"line":63,"column":35}},"15":{"start":{"line":65,"column":16},"end":{"line":65,"column":23}},"16":{"start":{"line":69,"column":12},"end":{"line":69,"column":31}},"17":{"start":{"line":70,"column":12},"end":{"line":70,"column":43}},"18":{"start":{"line":70,"column":29},"end":{"line":70,"column":43}},"19":{"start":{"line":71,"column":12},"end":{"line":71,"column":19}},"20":{"start":{"line":74,"column":8},"end":{"line":171,"column":9}},"21":{"start":{"line":80,"column":16},"end":{"line":80,"column":35}},"22":{"start":{"line":81,"column":16},"end":{"line":81,"column":47}},"23":{"start":{"line":81,"column":33},"end":{"line":81,"column":47}},"24":{"start":{"line":82,"column":16},"end":{"line":82,"column":22}},"25":{"start":{"line":88,"column":16},"end":{"line":88,"column":35}},"26":{"start":{"line":89,"column":16},"end":{"line":89,"column":55}},"27":{"start":{"line":89,"column":37},"end":{"line":89,"column":55}},"28":{"start":{"line":90,"column":16},"end":{"line":90,"column":22}},"29":{"start":{"line":94,"column":16},"end":{"line":94,"column":35}},"30":{"start":{"line":95,"column":16},"end":{"line":95,"column":49}},"31":{"start":{"line":95,"column":34},"end":{"line":95,"column":49}},"32":{"start":{"line":96,"column":16},"end":{"line":96,"column":22}},"33":{"start":{"line":100,"column":16},"end":{"line":100,"column":35}},"34":{"start":{"line":101,"column":16},"end":{"line":101,"column":47}},"35":{"start":{"line":101,"column":33},"end":{"line":101,"column":47}},"36":{"start":{"line":102,"column":16},"end":{"line":102,"column":22}},"37":{"start":{"line":107,"column":16},"end":{"line":107,"column":35}},"38":{"start":{"line":108,"column":16},"end":{"line":108,"column":71}},"39":{"start":{"line":108,"column":45},"end":{"line":108,"column":71}},"40":{"start":{"line":109,"column":16},"end":{"line":109,"column":22}},"41":{"start":{"line":114,"column":16},"end":{"line":114,"column":35}},"42":{"start":{"line":115,"column":16},"end":{"line":115,"column":67}},"43":{"start":{"line":115,"column":43},"end":{"line":115,"column":67}},"44":{"start":{"line":116,"column":16},"end":{"line":116,"column":22}},"45":{"start":{"line":121,"column":16},"end":{"line":121,"column":35}},"46":{"start":{"line":122,"column":16},"end":{"line":122,"column":65}},"47":{"start":{"line":122,"column":42},"end":{"line":122,"column":65}},"48":{"start":{"line":123,"column":16},"end":{"line":123,"column":22}},"49":{"start":{"line":128,"column":16},"end":{"line":128,"column":35}},"50":{"start":{"line":129,"column":16},"end":{"line":129,"column":61}},"51":{"start":{"line":129,"column":40},"end":{"line":129,"column":61}},"52":{"start":{"line":130,"column":16},"end":{"line":130,"column":22}},"53":{"start":{"line":134,"column":16},"end":{"line":134,"column":35}},"54":{"start":{"line":135,"column":16},"end":{"line":135,"column":71}},"55":{"start":{"line":135,"column":45},"end":{"line":135,"column":71}},"56":{"start":{"line":136,"column":16},"end":{"line":136,"column":22}},"57":{"start":{"line":141,"column":16},"end":{"line":141,"column":35}},"58":{"start":{"line":142,"column":16},"end":{"line":142,"column":73}},"59":{"start":{"line":142,"column":46},"end":{"line":142,"column":73}},"60":{"start":{"line":143,"column":16},"end":{"line":143,"column":22}},"61":{"start":{"line":148,"column":16},"end":{"line":148,"column":35}},"62":{"start":{"line":149,"column":16},"end":{"line":149,"column":59}},"63":{"start":{"line":149,"column":39},"end":{"line":149,"column":59}},"64":{"start":{"line":150,"column":16},"end":{"line":150,"column":22}},"65":{"start":{"line":154,"column":16},"end":{"line":154,"column":35}},"66":{"start":{"line":155,"column":16},"end":{"line":155,"column":59}},"67":{"start":{"line":155,"column":39},"end":{"line":155,"column":59}},"68":{"start":{"line":156,"column":16},"end":{"line":156,"column":22}},"69":{"start":{"line":161,"column":16},"end":{"line":161,"column":35}},"70":{"start":{"line":162,"column":16},"end":{"line":162,"column":67}},"71":{"start":{"line":162,"column":43},"end":{"line":162,"column":67}},"72":{"start":{"line":163,"column":16},"end":{"line":163,"column":22}},"73":{"start":{"line":168,"column":16},"end":{"line":168,"column":35}},"74":{"start":{"line":169,"column":16},"end":{"line":169,"column":71}},"75":{"start":{"line":169,"column":45},"end":{"line":169,"column":71}},"76":{"start":{"line":170,"column":16},"end":{"line":170,"column":22}},"77":{"start":{"line":180,"column":26},"end":{"line":180,"column":62}},"78":{"start":{"line":181,"column":29},"end":{"line":181,"column":68}},"79":{"start":{"line":182,"column":26},"end":{"line":182,"column":62}},"80":{"start":{"line":184,"column":8},"end":{"line":188,"column":9}},"81":{"start":{"line":187,"column":12},"end":{"line":187,"column":19}},"82":{"start":{"line":191,"column":8},"end":{"line":197,"column":9}},"83":{"start":{"line":196,"column":12},"end":{"line":196,"column":19}},"84":{"start":{"line":199,"column":8},"end":{"line":199,"column":27}},"85":{"start":{"line":203,"column":8},"end":{"line":209,"column":9}},"86":{"start":{"line":204,"column":12},"end":{"line":204,"column":50}},"87":{"start":{"line":205,"column":15},"end":{"line":209,"column":9}},"88":{"start":{"line":206,"column":12},"end":{"line":206,"column":32}},"89":{"start":{"line":208,"column":12},"end":{"line":208,"column":19}},"90":{"start":{"line":211,"column":28},"end":{"line":211,"column":45}},"91":{"start":{"line":212,"column":26},"end":{"line":212,"column":41}},"92":{"start":{"line":213,"column":27},"end":{"line":213,"column":46}},"93":{"start":{"line":215,"column":8},"end":{"line":221,"column":9}},"94":{"start":{"line":217,"column":12},"end":{"line":217,"column":51}},"95":{"start":{"line":217,"column":33},"end":{"line":217,"column":51}},"96":{"start":{"line":218,"column":15},"end":{"line":221,"column":9}},"97":{"start":{"line":220,"column":12},"end":{"line":220,"column":43}},"98":{"start":{"line":220,"column":29},"end":{"line":220,"column":43}}},"fnMap":{"0":{"name":"(anonymous_0)","decl":{"start":{"line":24,"column":4},"end":{"line":24,"column":5}},"loc":{"start":{"line":24,"column":20},"end":{"line":27,"column":5}},"line":24},"1":{"name":"(anonymous_1)","decl":{"start":{"line":32,"column":4},"end":{"line":32,"column":5}},"loc":{"start":{"line":32,"column":27},"end":{"line":46,"column":5}},"line":32},"2":{"name":"(anonymous_2)","decl":{"start":{"line":33,"column":45},"end":{"line":33,"column":46}},"loc":{"start":{"line":33,"column":52},"end":{"line":35,"column":9}},"line":33},"3":{"name":"(anonymous_3)","decl":{"start":{"line":38,"column":46},"end":{"line":38,"column":47}},"loc":{"start":{"line":38,"column":53},"end":{"line":40,"column":9}},"line":38},"4":{"name":"(anonymous_4)","decl":{"start":{"line":43,"column":43},"end":{"line":43,"column":44}},"loc":{"start":{"line":43,"column":50},"end":{"line":45,"column":9}},"line":43},"5":{"name":"(anonymous_5)","decl":{"start":{"line":52,"column":4},"end":{"line":52,"column":5}},"loc":{"start":{"line":52,"column":22},"end":{"line":172,"column":5}},"line":52},"6":{"name":"(anonymous_6)","decl":{"start":{"line":178,"column":4},"end":{"line":178,"column":5}},"loc":{"start":{"line":178,"column":17},"end":{"line":223,"column":5}},"line":178}},"branchMap":{"0":{"loc":{"start":{"line":54,"column":8},"end":{"line":72,"column":9}},"type":"if","locations":[{"start":{"line":54,"column":8},"end":{"line":72,"column":9}},{"start":{},"end":{}}],"line":54},"1":{"loc":{"start":{"line":60,"column":12},"end":{"line":66,"column":13}},"type":"if","locations":[{"start":{"line":60,"column":12},"end":{"line":66,"column":13}},{"start":{},"end":{}}],"line":60},"2":{"loc":{"start":{"line":60,"column":16},"end":{"line":62,"column":70}},"type":"binary-expr","locations":[{"start":{"line":60,"column":17},"end":{"line":60,"column":26}},{"start":{"line":60,"column":30},"end":{"line":60,"column":69}},{"start":{"line":61,"column":17},"end":{"line":61,"column":29}},{"start":{"line":61,"column":33},"end":{"line":61,"column":75}},{"start":{"line":62,"column":17},"end":{"line":62,"column":26}},{"start":{"line":62,"column":30},"end":{"line":62,"column":69}}],"line":60},"3":{"loc":{"start":{"line":70,"column":12},"end":{"line":70,"column":43}},"type":"if","locations":[{"start":{"line":70,"column":12},"end":{"line":70,"column":43}},{"start":{},"end":{}}],"line":70},"4":{"loc":{"start":{"line":74,"column":8},"end":{"line":171,"column":9}},"type":"switch","locations":[{"start":{"line":76,"column":12},"end":{"line":76,"column":30}},{"start":{"line":77,"column":12},"end":{"line":77,"column":29}},{"start":{"line":78,"column":12},"end":{"line":78,"column":21}},{"start":{"line":79,"column":12},"end":{"line":82,"column":22}},{"start":{"line":85,"column":12},"end":{"line":85,"column":29}},{"start":{"line":86,"column":12},"end":{"line":86,"column":27}},{"start":{"line":87,"column":12},"end":{"line":90,"column":22}},{"start":{"line":93,"column":12},"end":{"line":96,"column":22}},{"start":{"line":99,"column":12},"end":{"line":102,"column":22}},{"start":{"line":105,"column":12},"end":{"line":105,"column":21}},{"start":{"line":106,"column":12},"end":{"line":109,"column":22}},{"start":{"line":112,"column":12},"end":{"line":112,"column":21}},{"start":{"line":113,"column":12},"end":{"line":116,"column":22}},{"start":{"line":119,"column":12},"end":{"line":119,"column":21}},{"start":{"line":120,"column":12},"end":{"line":123,"column":22}},{"start":{"line":126,"column":12},"end":{"line":126,"column":21}},{"start":{"line":127,"column":12},"end":{"line":130,"column":22}},{"start":{"line":133,"column":12},"end":{"line":136,"column":22}},{"start":{"line":139,"column":12},"end":{"line":139,"column":21}},{"start":{"line":140,"column":12},"end":{"line":143,"column":22}},{"start":{"line":146,"column":12},"end":{"line":146,"column":21}},{"start":{"line":147,"column":12},"end":{"line":150,"column":22}},{"start":{"line":153,"column":12},"end":{"line":156,"column":22}},{"start":{"line":159,"column":12},"end":{"line":159,"column":21}},{"start":{"line":160,"column":12},"end":{"line":163,"column":22}},{"start":{"line":166,"column":12},"end":{"line":166,"column":21}},{"start":{"line":167,"column":12},"end":{"line":170,"column":22}}],"line":74},"5":{"loc":{"start":{"line":81,"column":16},"end":{"line":81,"column":47}},"type":"if","locations":[{"start":{"line":81,"column":16},"end":{"line":81,"column":47}},{"start":{},"end":{}}],"line":81},"6":{"loc":{"start":{"line":89,"column":16},"end":{"line":89,"column":55}},"type":"if","locations":[{"start":{"line":89,"column":16},"end":{"line":89,"column":55}},{"start":{},"end":{}}],"line":89},"7":{"loc":{"start":{"line":95,"column":16},"end":{"line":95,"column":49}},"type":"if","locations":[{"start":{"line":95,"column":16},"end":{"line":95,"column":49}},{"start":{},"end":{}}],"line":95},"8":{"loc":{"start":{"line":101,"column":16},"end":{"line":101,"column":47}},"type":"if","locations":[{"start":{"line":101,"column":16},"end":{"line":101,"column":47}},{"start":{},"end":{}}],"line":101},"9":{"loc":{"start":{"line":108,"column":16},"end":{"line":108,"column":71}},"type":"if","locations":[{"start":{"line":108,"column":16},"end":{"line":108,"column":71}},{"start":{},"end":{}}],"line":108},"10":{"loc":{"start":{"line":115,"column":16},"end":{"line":115,"column":67}},"type":"if","locations":[{"start":{"line":115,"column":16},"end":{"line":115,"column":67}},{"start":{},"end":{}}],"line":115},"11":{"loc":{"start":{"line":122,"column":16},"end":{"line":122,"column":65}},"type":"if","locations":[{"start":{"line":122,"column":16},"end":{"line":122,"column":65}},{"start":{},"end":{}}],"line":122},"12":{"loc":{"start":{"line":129,"column":16},"end":{"line":129,"column":61}},"type":"if","locations":[{"start":{"line":129,"column":16},"end":{"line":129,"column":61}},{"start":{},"end":{}}],"line":129},"13":{"loc":{"start":{"line":135,"column":16},"end":{"line":135,"column":71}},"type":"if","locations":[{"start":{"line":135,"column":16},"end":{"line":135,"column":71}},{"start":{},"end":{}}],"line":135},"14":{"loc":{"start":{"line":142,"column":16},"end":{"line":142,"column":73}},"type":"if","locations":[{"start":{"line":142,"column":16},"end":{"line":142,"column":73}},{"start":{},"end":{}}],"line":142},"15":{"loc":{"start":{"line":149,"column":16},"end":{"line":149,"column":59}},"type":"if","locations":[{"start":{"line":149,"column":16},"end":{"line":149,"column":59}},{"start":{},"end":{}}],"line":149},"16":{"loc":{"start":{"line":155,"column":16},"end":{"line":155,"column":59}},"type":"if","locations":[{"start":{"line":155,"column":16},"end":{"line":155,"column":59}},{"start":{},"end":{}}],"line":155},"17":{"loc":{"start":{"line":162,"column":16},"end":{"line":162,"column":67}},"type":"if","locations":[{"start":{"line":162,"column":16},"end":{"line":162,"column":67}},{"start":{},"end":{}}],"line":162},"18":{"loc":{"start":{"line":169,"column":16},"end":{"line":169,"column":71}},"type":"if","locations":[{"start":{"line":169,"column":16},"end":{"line":169,"column":71}},{"start":{},"end":{}}],"line":169},"19":{"loc":{"start":{"line":184,"column":8},"end":{"line":188,"column":9}},"type":"if","locations":[{"start":{"line":184,"column":8},"end":{"line":188,"column":9}},{"start":{},"end":{}}],"line":184},"20":{"loc":{"start":{"line":184,"column":12},"end":{"line":186,"column":66}},"type":"binary-expr","locations":[{"start":{"line":184,"column":13},"end":{"line":184,"column":22}},{"start":{"line":184,"column":26},"end":{"line":184,"column":65}},{"start":{"line":185,"column":13},"end":{"line":185,"column":25}},{"start":{"line":185,"column":29},"end":{"line":185,"column":71}},{"start":{"line":186,"column":13},"end":{"line":186,"column":22}},{"start":{"line":186,"column":26},"end":{"line":186,"column":65}}],"line":184},"21":{"loc":{"start":{"line":191,"column":8},"end":{"line":197,"column":9}},"type":"if","locations":[{"start":{"line":191,"column":8},"end":{"line":197,"column":9}},{"start":{},"end":{}}],"line":191},"22":{"loc":{"start":{"line":191,"column":12},"end":{"line":195,"column":37}},"type":"binary-expr","locations":[{"start":{"line":191,"column":12},"end":{"line":191,"column":41}},{"start":{"line":192,"column":12},"end":{"line":192,"column":36}},{"start":{"line":193,"column":12},"end":{"line":193,"column":38}},{"start":{"line":194,"column":12},"end":{"line":194,"column":38}},{"start":{"line":195,"column":12},"end":{"line":195,"column":37}}],"line":191},"23":{"loc":{"start":{"line":203,"column":8},"end":{"line":209,"column":9}},"type":"if","locations":[{"start":{"line":203,"column":8},"end":{"line":209,"column":9}},{"start":{"line":205,"column":15},"end":{"line":209,"column":9}}],"line":203},"24":{"loc":{"start":{"line":203,"column":12},"end":{"line":203,"column":76}},"type":"binary-expr","locations":[{"start":{"line":203,"column":12},"end":{"line":203,"column":33}},{"start":{"line":203,"column":37},"end":{"line":203,"column":53}},{"start":{"line":203,"column":57},"end":{"line":203,"column":76}}],"line":203},"25":{"loc":{"start":{"line":205,"column":15},"end":{"line":209,"column":9}},"type":"if","locations":[{"start":{"line":205,"column":15},"end":{"line":209,"column":9}},{"start":{"line":207,"column":15},"end":{"line":209,"column":9}}],"line":205},"26":{"loc":{"start":{"line":215,"column":8},"end":{"line":221,"column":9}},"type":"if","locations":[{"start":{"line":215,"column":8},"end":{"line":221,"column":9}},{"start":{"line":218,"column":15},"end":{"line":221,"column":9}}],"line":215},"27":{"loc":{"start":{"line":217,"column":12},"end":{"line":217,"column":51}},"type":"if","locations":[{"start":{"line":217,"column":12},"end":{"line":217,"column":51}},{"start":{},"end":{}}],"line":217},"28":{"loc":{"start":{"line":218,"column":15},"end":{"line":221,"column":9}},"type":"if","locations":[{"start":{"line":218,"column":15},"end":{"line":221,"column":9}},{"start":{},"end":{}}],"line":218},"29":{"loc":{"start":{"line":220,"column":12},"end":{"line":220,"column":43}},"type":"if","locations":[{"start":{"line":220,"column":12},"end":{"line":220,"column":43}},{"start":{},"end":{}}],"line":220}},"s":{"0":0,"1":0,"2":0,"3":0,"4":0,"5":0,"6":0,"7":0,"8":0,"9":0,"10":0,"11":0,"12":0,"13":0,"14":0,"15":0,"16":0,"17":0,"18":0,"19":0,"20":0,"21":0,"22":0,"23":0,"24":0,"25":0,"26":0,"27":0,"28":0,"29":0,"30":0,"31":0,"32":0,"33":0,"34":0,"35":0,"36":0,"37":0,"38":0,"39":0,"40":0,"41":0,"42":0,"43":0,"44":0,"45":0,"46":0,"47":0,"48":0,"49":0,"50":0,"51":0,"52":0,"53":0,"54":0,"55":0,"56":0,"57":0,"58":0,"59":0,"60":0,"61":0,"62":0,"63":0,"64":0,"65":0,"66":0,"67":0,"68":0,"69":0,"70":0,"71":0,"72":0,"73":0,"74":0,"75":0,"76":0,"77":0,"78":0,"79":0,"80":0,"81":0,"82":0,"83":0,"84":0,"85":0,"86":0,"87":0,"88":0,"89":0,"90":0,"91":0,"92":0,"93":0,"94":0,"95":0,"96":0,"97":0,"98":0},"f":{"0":0,"1":0,"2":0,"3":0,"4":0,"5":0,"6":0},"b":{"0":[0,0],"1":[0,0],"2":[0,0,0,0,0,0],"3":[0,0],"4":[0,0,0,0,0,0,0,0,0,0,0,0,0,0,0,0,0,0,0,0,0,0,0,0,0,0,0],"5":[0,0],"6":[0,0],"7":[0,0],"8":[0,0],"9":[0,0],"10":[0,0],"11":[0,0],"12":[0,0],"13":[0,0],"14":[0,0],"15":[0,0],"16":[0,0],"17":[0,0],"18":[0,0],"19":[0,0],"20":[0,0,0,0,0,0],"21":[0,0],"22":[0,0,0,0,0],"23":[0,0],"24":[0,0,0],"25":[0,0],"26":[0,0],"27":[0,0],"28":[0,0],"29":[0,0]}}
,"/home/runner/work/takahashi-presenter/takahashi-presenter/js/parser.js": {"path":"/home/runner/work/takahashi-presenter/takahashi-presenter/js/parser.js","statementMap":{"0":{"start":{"line":3,"column":20},"end":{"line":184,"column":1}},"1":{"start":{"line":16,"column":8},"end":{"line":18,"column":9}},"2":{"start":{"line":17,"column":12},"end":{"line":17,"column":22}},"3":{"start":{"line":21,"column":35},"end":{"line":21,"column":64}},"4":{"start":{"line":24,"column":25},"end":{"line":24,"column":47}},"5":{"start":{"line":27,"column":23},"end":{"line":30,"column":74}},"6":{"start":{"line":28,"column":25},"end":{"line":28,"column":36}},"7":{"start":{"line":29,"column":28},"end":{"line":29,"column":43}},"8":{"start":{"line":30,"column":34},"end":{"line":30,"column":73}},"9":{"start":{"line":32,"column":8},"end":{"line":32,"column":22}},"10":{"start":{"line":47,"column":30},"end":{"line":47,"column":61}},"11":{"start":{"line":48,"column":22},"end":{"line":48,"column":50}},"12":{"start":{"line":50,"column":8},"end":{"line":52,"column":9}},"13":{"start":{"line":51,"column":12},"end":{"line":51,"column":51}},"14":{"start":{"line":54,"column":29},"end":{"line":54,"column":37}},"15":{"start":{"line":55,"column":21},"end":{"line":55,"column":55}},"16":{"start":{"line":58,"column":25},"end":{"line":58,"column":27}},"17":{"start":{"line":59,"column":8},"end":{"line":65,"column":11}},"18":{"start":{"line":60,"column":41},"end":{"line":60,"column":56}},"19":{"start":{"line":61,"column":12},"end":{"line":64,"column":13}},"20":{"start":{"line":62,"column":30},"end":{"line":62,"column":57}},"21":{"start":{"line":63,"column":16},"end":{"line":63,"column":45}},"22":{"start":{"line":67,"column":8},"end":{"line":67,"column":34}},"23":{"start":{"line":82,"column":8},"end":{"line":82,"column":49}},"24":{"start":{"line":86,"column":8},"end":{"line":86,"column":72}},"25":{"start":{"line":89,"column":21},"end":{"line":89,"column":63}},"26":{"start":{"line":91,"column":8},"end":{"line":91,"column":22}},"27":{"start":{"line":102,"column":22},"end":{"line":106,"column":9}},"28":{"start":{"line":109,"column":8},"end":{"line":113,"column":9}},"29":{"start":{"line":110,"column":12},"end":{"line":110,"column":33}},"30":{"start":{"line":111,"column":12},"end":{"line":111,"column":55}},"31":{"start":{"line":112,"column":12},"end":{"line":112,"column":46}},"32":{"start":{"line":116,"column":8},"end":{"line":120,"column":9}},"33":{"start":{"line":117,"column":12},"end":{"line":117,"column":36}},"34":{"start":{"line":118,"column":12},"end":{"line":118,"column":55}},"35":{"start":{"line":119,"column":12},"end":{"line":119,"column":43}},"36":{"start":{"line":122,"column":8},"end":{"line":122,"column":21}},"37":{"start":{"line":131,"column":8},"end":{"line":131,"column":42}},"38":{"start":{"line":140,"column":23},"end":{"line":140,"column":42}},"39":{"start":{"line":142,"column":8},"end":{"line":147,"column":10}},"40":{"start":{"line":156,"column":25},"end":{"line":156,"column":27}},"41":{"start":{"line":158,"column":8},"end":{"line":170,"column":11}},"42":{"start":{"line":160,"column":12},"end":{"line":162,"column":13}},"43":{"start":{"line":161,"column":16},"end":{"line":161,"column":127}},"44":{"start":{"line":165,"column":26},"end":{"line":165,"column":52}},"45":{"start":{"line":166,"column":30},"end":{"line":166,"column":68}},"46":{"start":{"line":166,"column":51},"end":{"line":166,"column":67}},"47":{"start":{"line":167,"column":12},"end":{"line":169,"column":13}},"48":{"start":{"line":168,"column":16},"end":{"line":168,"column":106}},"49":{"start":{"line":172,"column":8},"end":{"line":172,"column":24}},"50":{"start":{"line":181,"column":29},"end":{"line":181,"column":58}},"51":{"start":{"line":182,"column":8},"end":{"line":182,"column":24}},"52":{"start":{"line":187,"column":0},"end":{"line":189,"column":1}},"53":{"start":{"line":188,"column":4},"end":{"line":188,"column":33}}},"fnMap":{"0":{"name":"(anonymous_0)","decl":{"start":{"line":15,"column":4},"end":{"line":15,"column":5}},"loc":{"start":{"line":15,"column":19},"end":{"line":33,"column":5}},"line":15},"1":{"name":"(anonymous_1)","decl":{"start":{"line":28,"column":17},"end":{"line":28,"column":18}},"loc":{"start":{"line":28,"column":25},"end":{"line":28,"column":36}},"line":28},"2":{"name":"(anonymous_2)","decl":{"start":{"line":29,"column":20},"end":{"line":29,"column":21}},"loc":{"start":{"line":29,"column":28},"end":{"line":29,"column":43}},"line":29},"3":{"name":"(anonymous_3)","decl":{"start":{"line":30,"column":17},"end":{"line":30,"column":18}},"loc":{"start":{"line":30,"column":34},"end":{"line":30,"column":73}},"line":30},"4":{"name":"(anonymous_4)","decl":{"start":{"line":46,"column":4},"end":{"line":46,"column":5}},"loc":{"start":{"line":46,"column":29},"end":{"line":68,"column":5}},"line":46},"5":{"name":"(anonymous_5)","decl":{"start":{"line":59,"column":41},"end":{"line":59,"column":42}},"loc":{"start":{"line":59,"column":49},"end":{"line":65,"column":9}},"line":59},"6":{"name":"(anonymous_6)","decl":{"start":{"line":80,"column":4},"end":{"line":80,"column":5}},"loc":{"start":{"line":80,"column":25},"end":{"line":92,"column":5}},"line":80},"7":{"name":"(anonymous_7)","decl":{"start":{"line":101,"column":4},"end":{"line":101,"column":5}},"loc":{"start":{"line":101,"column":50},"end":{"line":123,"column":5}},"line":101},"8":{"name":"(anonymous_8)","decl":{"start":{"line":130,"column":4},"end":{"line":130,"column":5}},"loc":{"start":{"line":130,"column":19},"end":{"line":132,"column":5}},"line":130},"9":{"name":"(anonymous_9)","decl":{"start":{"line":139,"column":4},"end":{"line":139,"column":5}},"loc":{"start":{"line":139,"column":22},"end":{"line":148,"column":5}},"line":139},"10":{"name":"(anonymous_10)","decl":{"start":{"line":155,"column":4},"end":{"line":155,"column":5}},"loc":{"start":{"line":155,"column":24},"end":{"line":173,"column":5}},"line":155},"11":{"name":"(anonymous_11)","decl":{"start":{"line":158,"column":23},"end":{"line":158,"column":24}},"loc":{"start":{"line":158,"column":41},"end":{"line":170,"column":9}},"line":158},"12":{"name":"(anonymous_12)","decl":{"start":{"line":166,"column":43},"end":{"line":166,"column":44}},"loc":{"start":{"line":166,"column":51},"end":{"line":166,"column":67}},"line":166},"13":{"name":"(anonymous_13)","decl":{"start":{"line":180,"column":4},"end":{"line":180,"column":5}},"loc":{"start":{"line":180,"column":25},"end":{"line":183,"column":5}},"line":180}},"branchMap":{"0":{"loc":{"start":{"line":16,"column":8},"end":{"line":18,"column":9}},"type":"if","locations":[{"start":{"line":16,"column":8},"end":{"line":18,"column":9}},{"start":{},"end":{}}],"line":16},"1":{"loc":{"start":{"line":16,"column":12},"end":{"line":16,"column":51}},"type":"binary-expr","locations":[{"start":{"line":16,"column":12},"end":{"line":16,"column":20}},{"start":{"line":16,"column":24},"end":{"line":16,"column":51}}],"line":16},"2":{"loc":{"start":{"line":50,"column":8},"end":{"line":52,"column":9}},"type":"if","locations":[{"start":{"line":50,"column":8},"end":{"line":52,"column":9}},{"start":{},"end":{}}],"line":50},"3":{"loc":{"start":{"line":61,"column":12},"end":{"line":64,"column":13}},"type":"if","locations":[{"start":{"line":61,"column":12},"end":{"line":64,"column":13}},{"start":{},"end":{}}],"line":61},"4":{"loc":{"start":{"line":61,"column":16},"end":{"line":61,"column":44}},"type":"binary-expr","locations":[{"start":{"line":61,"column":16},"end":{"line":61,"column":19}},{"start":{"line":61,"column":23},"end":{"line":61,"column":44}}],"line":61},"5":{"loc":{"start":{"line":101,"column":29},"end":{"line":101,"column":48}},"type":"default-arg","locations":[{"start":{"line":101,"column":46},"end":{"line":101,"column":48}}],"line":101},"6":{"loc":{"start":{"line":109,"column":8},"end":{"line":113,"column":9}},"type":"if","locations":[{"start":{"line":109,"column":8},"end":{"line":113,"column":9}},{"start":{},"end":{}}],"line":109},"7":{"loc":{"start":{"line":116,"column":8},"end":{"line":120,"column":9}},"type":"if","locations":[{"start":{"line":116,"column":8},"end":{"line":120,"column":9}},{"start":{},"end":{}}],"line":116},"8":{"loc":{"start":{"line":145,"column":20},"end":{"line":145,"column":66}},"type":"cond-expr","locations":[{"start":{"line":145,"column":42},"end":{"line":145,"column":61}},{"start":{"line":145,"column":64},"end":{"line":145,"column":66}}],"line":145},"9":{"loc":{"start":{"line":160,"column":12},"end":{"line":162,"column":13}},"type":"if","locations":[{"start":{"line":160,"column":12},"end":{"line":162,"column":13}},{"start":{},"end":{}}],"line":160},"10":{"loc":{"start":{"line":167,"column":12},"end":{"line":169,"column":13}},"type":"if","locations":[{"start":{"line":167,"column":12},"end":{"line":169,"column":13}},{"start":{},"end":{}}],"line":167},"11":{"loc":{"start":{"line":187,"column":0},"end":{"line":189,"column":1}},"type":"if","locations":[{"start":{"line":187,"column":0},"end":{"line":189,"column":1}},{"start":{},"end":{}}],"line":187},"12":{"loc":{"start":{"line":187,"column":4},"end":{"line":187,"column":51}},"type":"binary-expr","locations":[{"start":{"line":187,"column":4},"end":{"line":187,"column":33}},{"start":{"line":187,"column":37},"end":{"line":187,"column":51}}],"line":187}},"s":{"0":1,"1":6,"2":3,"3":3,"4":3,"5":3,"6":7,"7":7,"8":5,"9":3,"10":3,"11":3,"12":3,"13":3,"14":0,"15":0,"16":0,"17":0,"18":0,"19":0,"20":0,"21":0,"22":0,"23":3,"24":3,"25":3,"26":3,"27":5,"28":5,"29":0,"30":0,"31":0,"32":5,"33":0,"34":0,"35":0,"36":5,"37":0,"38":6,"39":6,"40":6,"41":6,"42":5,"43":1,"44":5,"45":5,"46":56,"47":5,"48":1,"49":6,"50":0,"51":0,"52":1,"53":1},"f":{"0":6,"1":7,"2":7,"3":5,"4":3,"5":0,"6":3,"7":5,"8":0,"9":6,"10":6,"11":5,"12":56,"13":0},"b":{"0":[3,3],"1":[6,3],"2":[3,0],"3":[0,0],"4":[0,0],"5":[0],"6":[0,5],"7":[0,5],"8":[4,2],"9":[1,4],"10":[1,4],"11":[1,0],"12":[1,1]},"_coverageSchema":"1a1c01bbd47fc00a2c39e90264f33305004495a9","hash":"808b86dcdf55496119cb199188aa8dec6cbb367e"}
,"/home/runner/work/takahashi-presenter/takahashi-presenter/js/presenter.js": {"path":"/home/runner/work/takahashi-presenter/takahashi-presenter/js/presenter.js","statementMap":{"0":{"start":{"line":3,"column":0},"end":{"line":278,"column":3}},"1":{"start":{"line":5,"column":27},"end":{"line":5,"column":66}},"2":{"start":{"line":6,"column":25},"end":{"line":6,"column":64}},"3":{"start":{"line":7,"column":25},"end":{"line":7,"column":64}},"4":{"start":{"line":8,"column":25},"end":{"line":8,"column":57}},"5":{"start":{"line":9,"column":30},"end":{"line":9,"column":67}},"6":{"start":{"line":10,"column":28},"end":{"line":10,"column":63}},"7":{"start":{"line":11,"column":22},"end":{"line":11,"column":58}},"8":{"start":{"line":12,"column":25},"end":{"line":12,"column":61}},"9":{"start":{"line":13,"column":25},"end":{"line":13,"column":64}},"10":{"start":{"line":14,"column":25},"end":{"line":14,"column":64}},"11":{"start":{"line":15,"column":29},"end":{"line":15,"column":69}},"12":{"start":{"line":16,"column":22},"end":{"line":16,"column":58}},"13":{"start":{"line":17,"column":27},"end":{"line":17,"column":65}},"14":{"start":{"line":18,"column":26},"end":{"line":18,"column":63}},"15":{"start":{"line":21,"column":20},"end":{"line":21,"column":30}},"16":{"start":{"line":22,"column":24},"end":{"line":22,"column":28}},"17":{"start":{"line":25,"column":22},"end":{"line":25,"column":65}},"18":{"start":{"line":26,"column":21},"end":{"line":26,"column":42}},"19":{"start":{"line":31,"column":4},"end":{"line":46,"column":5}},"20":{"start":{"line":32,"column":8},"end":{"line":43,"column":9}},"21":{"start":{"line":33,"column":29},"end":{"line":33,"column":68}},"22":{"start":{"line":34,"column":12},"end":{"line":36,"column":13}},"23":{"start":{"line":35,"column":16},"end":{"line":35,"column":68}},"24":{"start":{"line":37,"column":12},"end":{"line":37,"column":44}},"25":{"start":{"line":39,"column":12},"end":{"line":39,"column":56}},"26":{"start":{"line":40,"column":12},"end":{"line":40,"column":93}},"27":{"start":{"line":41,"column":12},"end":{"line":41,"column":48}},"28":{"start":{"line":42,"column":12},"end":{"line":42,"column":19}},"29":{"start":{"line":45,"column":8},"end":{"line":45,"column":51}},"30":{"start":{"line":48,"column":19},"end":{"line":48,"column":107}},"31":{"start":{"line":51,"column":19},"end":{"line":51,"column":45}},"32":{"start":{"line":52,"column":21},"end":{"line":52,"column":53}},"33":{"start":{"line":55,"column":4},"end":{"line":57,"column":5}},"34":{"start":{"line":56,"column":8},"end":{"line":56,"column":40}},"35":{"start":{"line":58,"column":4},"end":{"line":60,"column":5}},"36":{"start":{"line":59,"column":8},"end":{"line":59,"column":38}},"37":{"start":{"line":63,"column":4},"end":{"line":63,"column":59}},"38":{"start":{"line":64,"column":4},"end":{"line":64,"column":57}},"39":{"start":{"line":66,"column":4},"end":{"line":70,"column":5}},"40":{"start":{"line":67,"column":8},"end":{"line":67,"column":59}},"41":{"start":{"line":68,"column":8},"end":{"line":68,"column":44}},"42":{"start":{"line":69,"column":8},"end":{"line":69,"column":15}},"43":{"start":{"line":73,"column":4},"end":{"line":73,"column":77}},"44":{"start":{"line":74,"column":4},"end":{"line":74,"column":28}},"45":{"start":{"line":78,"column":21},"end":{"line":78,"column":51}},"46":{"start":{"line":81,"column":25},"end":{"line":81,"column":58}},"47":{"start":{"line":82,"column":8},"end":{"line":82,"column":50}},"48":{"start":{"line":85,"column":8},"end":{"line":85,"column":69}},"49":{"start":{"line":88,"column":8},"end":{"line":88,"column":67}},"50":{"start":{"line":93,"column":24},"end":{"line":93,"column":46}},"51":{"start":{"line":94,"column":24},"end":{"line":94,"column":50}},"52":{"start":{"line":95,"column":24},"end":{"line":95,"column":48}},"53":{"start":{"line":96,"column":33},"end":{"line":96,"column":45}},"54":{"start":{"line":98,"column":8},"end":{"line":98,"column":96}},"55":{"start":{"line":103,"column":8},"end":{"line":103,"column":55}},"56":{"start":{"line":108,"column":8},"end":{"line":111,"column":9}},"57":{"start":{"line":109,"column":12},"end":{"line":109,"column":41}},"58":{"start":{"line":110,"column":12},"end":{"line":110,"column":33}},"59":{"start":{"line":115,"column":23},"end":{"line":115,"column":27}},"60":{"start":{"line":116,"column":22},"end":{"line":116,"column":26}},"61":{"start":{"line":117,"column":20},"end":{"line":117,"column":24}},"62":{"start":{"line":118,"column":25},"end":{"line":118,"column":29}},"63":{"start":{"line":121,"column":8},"end":{"line":121,"column":37}},"64":{"start":{"line":122,"column":8},"end":{"line":122,"column":96}},"65":{"start":{"line":126,"column":8},"end":{"line":126,"column":35}},"66":{"start":{"line":127,"column":8},"end":{"line":127,"column":68}},"67":{"start":{"line":131,"column":8},"end":{"line":131,"column":31}},"68":{"start":{"line":132,"column":8},"end":{"line":132,"column":66}},"69":{"start":{"line":136,"column":8},"end":{"line":136,"column":41}},"70":{"start":{"line":137,"column":8},"end":{"line":137,"column":76}},"71":{"start":{"line":141,"column":25},"end":{"line":141,"column":38}},"72":{"start":{"line":142,"column":8},"end":{"line":142,"column":32}},"73":{"start":{"line":143,"column":8},"end":{"line":143,"column":31}},"74":{"start":{"line":144,"column":8},"end":{"line":144,"column":29}},"75":{"start":{"line":145,"column":8},"end":{"line":145,"column":34}},"76":{"start":{"line":147,"column":8},"end":{"line":147,"column":92}},"77":{"start":{"line":148,"column":8},"end":{"line":148,"column":65}},"78":{"start":{"line":149,"column":8},"end":{"line":149,"column":65}},"79":{"start":{"line":150,"column":8},"end":{"line":150,"column":70}},"80":{"start":{"line":154,"column":8},"end":{"line":160,"column":9}},"81":{"start":{"line":155,"column":12},"end":{"line":157,"column":15}},"82":{"start":{"line":156,"column":16},"end":{"line":156,"column":66}},"83":{"start":{"line":159,"column":12},"end":{"line":159,"column":38}},"84":{"start":{"line":164,"column":8},"end":{"line":164,"column":45}},"85":{"start":{"line":168,"column":8},"end":{"line":168,"column":48}},"86":{"start":{"line":170,"column":8},"end":{"line":173,"column":9}},"87":{"start":{"line":172,"column":12},"end":{"line":172,"column":32}},"88":{"start":{"line":177,"column":24},"end":{"line":177,"column":56}},"89":{"start":{"line":179,"column":8},"end":{"line":179,"column":70}},"90":{"start":{"line":183,"column":8},"end":{"line":183,"column":36}},"91":{"start":{"line":185,"column":8},"end":{"line":209,"column":11}},"92":{"start":{"line":186,"column":29},"end":{"line":186,"column":58}},"93":{"start":{"line":187,"column":12},"end":{"line":187,"column":50}},"94":{"start":{"line":188,"column":12},"end":{"line":190,"column":13}},"95":{"start":{"line":189,"column":16},"end":{"line":189,"column":49}},"96":{"start":{"line":192,"column":27},"end":{"line":192,"column":56}},"97":{"start":{"line":193,"column":12},"end":{"line":193,"column":55}},"98":{"start":{"line":194,"column":12},"end":{"line":194,"column":43}},"99":{"start":{"line":196,"column":28},"end":{"line":196,"column":57}},"100":{"start":{"line":197,"column":12},"end":{"line":197,"column":108}},"101":{"start":{"line":199,"column":12},"end":{"line":199,"column":41}},"102":{"start":{"line":200,"column":12},"end":{"line":200,"column":42}},"103":{"start":{"line":202,"column":12},"end":{"line":206,"column":15}},"104":{"start":{"line":203,"column":16},"end":{"line":203,"column":44}},"105":{"start":{"line":204,"column":16},"end":{"line":204,"column":27}},"106":{"start":{"line":205,"column":16},"end":{"line":205,"column":33}},"107":{"start":{"line":208,"column":12},"end":{"line":208,"column":47}},"108":{"start":{"line":213,"column":8},"end":{"line":213,"column":45}},"109":{"start":{"line":217,"column":4},"end":{"line":248,"column":7}},"110":{"start":{"line":219,"column":12},"end":{"line":219,"column":33}},"111":{"start":{"line":220,"column":12},"end":{"line":220,"column":23}},"112":{"start":{"line":223,"column":12},"end":{"line":223,"column":37}},"113":{"start":{"line":224,"column":12},"end":{"line":224,"column":23}},"114":{"start":{"line":227,"column":12},"end":{"line":227,"column":34}},"115":{"start":{"line":228,"column":12},"end":{"line":228,"column":23}},"116":{"start":{"line":231,"column":12},"end":{"line":231,"column":33}},"117":{"start":{"line":232,"column":12},"end":{"line":232,"column":23}},"118":{"start":{"line":242,"column":12},"end":{"line":242,"column":35}},"119":{"start":{"line":243,"column":12},"end":{"line":243,"column":26}},"120":{"start":{"line":251,"column":4},"end":{"line":253,"column":7}},"121":{"start":{"line":252,"column":8},"end":{"line":252,"column":42}},"122":{"start":{"line":256,"column":4},"end":{"line":258,"column":7}},"123":{"start":{"line":257,"column":8},"end":{"line":257,"column":45}},"124":{"start":{"line":261,"column":4},"end":{"line":263,"column":7}},"125":{"start":{"line":262,"column":8},"end":{"line":262,"column":44}},"126":{"start":{"line":265,"column":4},"end":{"line":267,"column":7}},"127":{"start":{"line":266,"column":8},"end":{"line":266,"column":42}},"128":{"start":{"line":270,"column":4},"end":{"line":270,"column":15}},"129":{"start":{"line":273,"column":4},"end":{"line":273,"column":17}}},"fnMap":{"0":{"name":"(anonymous_0)","decl":{"start":{"line":3,"column":46},"end":{"line":3,"column":47}},"loc":{"start":{"line":3,"column":58},"end":{"line":278,"column":1}},"line":3},"1":{"name":"updateUI","decl":{"start":{"line":77,"column":13},"end":{"line":77,"column":21}},"loc":{"start":{"line":77,"column":24},"end":{"line":89,"column":5}},"line":77},"2":{"name":"updateTimer","decl":{"start":{"line":92,"column":13},"end":{"line":92,"column":24}},"loc":{"start":{"line":92,"column":27},"end":{"line":99,"column":5}},"line":92},"3":{"name":"startTimer","decl":{"start":{"line":102,"column":13},"end":{"line":102,"column":23}},"loc":{"start":{"line":102,"column":26},"end":{"line":104,"column":5}},"line":102},"4":{"name":"stopTimer","decl":{"start":{"line":107,"column":13},"end":{"line":107,"column":22}},"loc":{"start":{"line":107,"column":25},"end":{"line":112,"column":5}},"line":107},"5":{"name":"toggleProgress","decl":{"start":{"line":120,"column":13},"end":{"line":120,"column":27}},"loc":{"start":{"line":120,"column":30},"end":{"line":123,"column":5}},"line":120},"6":{"name":"toggleCounter","decl":{"start":{"line":125,"column":13},"end":{"line":125,"column":26}},"loc":{"start":{"line":125,"column":29},"end":{"line":128,"column":5}},"line":125},"7":{"name":"toggleTimer","decl":{"start":{"line":130,"column":13},"end":{"line":130,"column":24}},"loc":{"start":{"line":130,"column":27},"end":{"line":133,"column":5}},"line":130},"8":{"name":"togglePercentage","decl":{"start":{"line":135,"column":13},"end":{"line":135,"column":29}},"loc":{"start":{"line":135,"column":32},"end":{"line":138,"column":5}},"line":135},"9":{"name":"toggleAllControls","decl":{"start":{"line":140,"column":13},"end":{"line":140,"column":30}},"loc":{"start":{"line":140,"column":33},"end":{"line":151,"column":5}},"line":140},"10":{"name":"toggleFullscreen","decl":{"start":{"line":153,"column":13},"end":{"line":153,"column":29}},"loc":{"start":{"line":153,"column":32},"end":{"line":161,"column":5}},"line":153},"11":{"name":"(anonymous_11)","decl":{"start":{"line":155,"column":63},"end":{"line":155,"column":64}},"loc":{"start":{"line":155,"column":70},"end":{"line":157,"column":13}},"line":155},"12":{"name":"toggleHelp","decl":{"start":{"line":163,"column":13},"end":{"line":163,"column":23}},"loc":{"start":{"line":163,"column":26},"end":{"line":165,"column":5}},"line":163},"13":{"name":"toggleOverview","decl":{"start":{"line":167,"column":13},"end":{"line":167,"column":27}},"loc":{"start":{"line":167,"column":30},"end":{"line":174,"column":5}},"line":167},"14":{"name":"toggleAnimations","decl":{"start":{"line":176,"column":13},"end":{"line":176,"column":29}},"loc":{"start":{"line":176,"column":32},"end":{"line":180,"column":5}},"line":176},"15":{"name":"buildOverviewGrid","decl":{"start":{"line":182,"column":13},"end":{"line":182,"column":30}},"loc":{"start":{"line":182,"column":33},"end":{"line":210,"column":5}},"line":182},"16":{"name":"(anonymous_16)","decl":{"start":{"line":185,"column":23},"end":{"line":185,"column":24}},"loc":{"start":{"line":185,"column":41},"end":{"line":209,"column":9}},"line":185},"17":{"name":"(anonymous_17)","decl":{"start":{"line":202,"column":47},"end":{"line":202,"column":48}},"loc":{"start":{"line":202,"column":53},"end":{"line":206,"column":13}},"line":202},"18":{"name":"exitPresentation","decl":{"start":{"line":212,"column":13},"end":{"line":212,"column":29}},"loc":{"start":{"line":212,"column":32},"end":{"line":214,"column":5}},"line":212},"19":{"name":"(anonymous_19)","decl":{"start":{"line":218,"column":16},"end":{"line":218,"column":17}},"loc":{"start":{"line":218,"column":22},"end":{"line":221,"column":9}},"line":218},"20":{"name":"(anonymous_20)","decl":{"start":{"line":222,"column":20},"end":{"line":222,"column":21}},"loc":{"start":{"line":222,"column":26},"end":{"line":225,"column":9}},"line":222},"21":{"name":"(anonymous_21)","decl":{"start":{"line":226,"column":17},"end":{"line":226,"column":18}},"loc":{"start":{"line":226,"column":23},"end":{"line":229,"column":9}},"line":226},"22":{"name":"(anonymous_22)","decl":{"start":{"line":230,"column":16},"end":{"line":230,"column":17}},"loc":{"start":{"line":230,"column":22},"end":{"line":233,"column":9}},"line":230},"23":{"name":"(anonymous_23)","decl":{"start":{"line":241,"column":22},"end":{"line":241,"column":23}},"loc":{"start":{"line":241,"column":28},"end":{"line":244,"column":9}},"line":241},"24":{"name":"(anonymous_24)","decl":{"start":{"line":251,"column":43},"end":{"line":251,"column":44}},"loc":{"start":{"line":251,"column":49},"end":{"line":253,"column":5}},"line":251},"25":{"name":"(anonymous_25)","decl":{"start":{"line":256,"column":47},"end":{"line":256,"column":48}},"loc":{"start":{"line":256,"column":53},"end":{"line":258,"column":5}},"line":256},"26":{"name":"(anonymous_26)","decl":{"start":{"line":261,"column":45},"end":{"line":261,"column":46}},"loc":{"start":{"line":261,"column":51},"end":{"line":263,"column":5}},"line":261},"27":{"name":"(anonymous_27)","decl":{"start":{"line":265,"column":44},"end":{"line":265,"column":45}},"loc":{"start":{"line":265,"column":50},"end":{"line":267,"column":5}},"line":265}},"branchMap":{"0":{"loc":{"start":{"line":31,"column":4},"end":{"line":46,"column":5}},"type":"if","locations":[{"start":{"line":31,"column":4},"end":{"line":46,"column":5}},{"start":{"line":44,"column":11},"end":{"line":46,"column":5}}],"line":31},"1":{"loc":{"start":{"line":34,"column":12},"end":{"line":36,"column":13}},"type":"if","locations":[{"start":{"line":34,"column":12},"end":{"line":36,"column":13}},{"start":{},"end":{}}],"line":34},"2":{"loc":{"start":{"line":48,"column":19},"end":{"line":48,"column":107}},"type":"binary-expr","locations":[{"start":{"line":48,"column":19},"end":{"line":48,"column":47}},{"start":{"line":48,"column":51},"end":{"line":48,"column":107}}],"line":48},"3":{"loc":{"start":{"line":55,"column":4},"end":{"line":57,"column":5}},"type":"if","locations":[{"start":{"line":55,"column":4},"end":{"line":57,"column":5}},{"start":{},"end":{}}],"line":55},"4":{"loc":{"start":{"line":58,"column":4},"end":{"line":60,"column":5}},"type":"if","locations":[{"start":{"line":58,"column":4},"end":{"line":60,"column":5}},{"start":{},"end":{}}],"line":58},"5":{"loc":{"start":{"line":66,"column":4},"end":{"line":70,"column":5}},"type":"if","locations":[{"start":{"line":66,"column":4},"end":{"line":70,"column":5}},{"start":{},"end":{}}],"line":66},"6":{"loc":{"start":{"line":108,"column":8},"end":{"line":111,"column":9}},"type":"if","locations":[{"start":{"line":108,"column":8},"end":{"line":111,"column":9}},{"start":{},"end":{}}],"line":108},"7":{"loc":{"start":{"line":122,"column":64},"end":{"line":122,"column":95}},"type":"cond-expr","locations":[{"start":{"line":122,"column":79},"end":{"line":122,"column":86}},{"start":{"line":122,"column":89},"end":{"line":122,"column":95}}],"line":122},"8":{"loc":{"start":{"line":127,"column":37},"end":{"line":127,"column":67}},"type":"cond-expr","locations":[{"start":{"line":127,"column":51},"end":{"line":127,"column":58}},{"start":{"line":127,"column":61},"end":{"line":127,"column":67}}],"line":127},"9":{"loc":{"start":{"line":132,"column":37},"end":{"line":132,"column":65}},"type":"cond-expr","locations":[{"start":{"line":132,"column":49},"end":{"line":132,"column":56}},{"start":{"line":132,"column":59},"end":{"line":132,"column":65}}],"line":132},"10":{"loc":{"start":{"line":137,"column":42},"end":{"line":137,"column":75}},"type":"cond-expr","locations":[{"start":{"line":137,"column":59},"end":{"line":137,"column":66}},{"start":{"line":137,"column":69},"end":{"line":137,"column":75}}],"line":137},"11":{"loc":{"start":{"line":147,"column":64},"end":{"line":147,"column":91}},"type":"cond-expr","locations":[{"start":{"line":147,"column":75},"end":{"line":147,"column":82}},{"start":{"line":147,"column":85},"end":{"line":147,"column":91}}],"line":147},"12":{"loc":{"start":{"line":148,"column":37},"end":{"line":148,"column":64}},"type":"cond-expr","locations":[{"start":{"line":148,"column":48},"end":{"line":148,"column":55}},{"start":{"line":148,"column":58},"end":{"line":148,"column":64}}],"line":148},"13":{"loc":{"start":{"line":149,"column":37},"end":{"line":149,"column":64}},"type":"cond-expr","locations":[{"start":{"line":149,"column":48},"end":{"line":149,"column":55}},{"start":{"line":149,"column":58},"end":{"line":149,"column":64}}],"line":149},"14":{"loc":{"start":{"line":150,"column":42},"end":{"line":150,"column":69}},"type":"cond-expr","locations":[{"start":{"line":150,"column":53},"end":{"line":150,"column":60}},{"start":{"line":150,"column":63},"end":{"line":150,"column":69}}],"line":150},"15":{"loc":{"start":{"line":154,"column":8},"end":{"line":160,"column":9}},"type":"if","locations":[{"start":{"line":154,"column":8},"end":{"line":160,"column":9}},{"start":{"line":158,"column":15},"end":{"line":160,"column":9}}],"line":154},"16":{"loc":{"start":{"line":170,"column":8},"end":{"line":173,"column":9}},"type":"if","locations":[{"start":{"line":170,"column":8},"end":{"line":173,"column":9}},{"start":{},"end":{}}],"line":170},"17":{"loc":{"start":{"line":179,"column":34},"end":{"line":179,"column":66}},"type":"cond-expr","locations":[{"start":{"line":179,"column":44},"end":{"line":179,"column":53}},{"start":{"line":179,"column":56},"end":{"line":179,"column":66}}],"line":179},"18":{"loc":{"start":{"line":188,"column":12},"end":{"line":190,"column":13}},"type":"if","locations":[{"start":{"line":188,"column":12},"end":{"line":190,"column":13}},{"start":{},"end":{}}],"line":188},"19":{"loc":{"start":{"line":197,"column":68},"end":{"line":197,"column":106}},"type":"cond-expr","locations":[{"start":{"line":197,"column":96},"end":{"line":197,"column":101}},{"start":{"line":197,"column":104},"end":{"line":197,"column":106}}],"line":197}},"s":{"0":0,"1":0,"2":0,"3":0,"4":0,"5":0,"6":0,"7":0,"8":0,"9":0,"10":0,"11":0,"12":0,"13":0,"14":0,"15":0,"16":0,"17":0,"18":0,"19":0,"20":0,"21":0,"22":0,"23":0,"24":0,"25":0,"26":0,"27":0,"28":0,"29":0,"30":0,"31":0,"32":0,"33":0,"34":0,"35":0,"36":0,"37":0,"38":0,"39":0,"40":0,"41":0,"42":0,"43":0,"44":0,"45":0,"46":0,"47":0,"48":0,"49":0,"50":0,"51":0,"52":0,"53":0,"54":0,"55":0,"56":0,"57":0,"58":0,"59":0,"60":0,"61":0,"62":0,"63":0,"64":0,"65":0,"66":0,"67":0,"68":0,"69":0,"70":0,"71":0,"72":0,"73":0,"74":0,"75":0,"76":0,"77":0,"78":0,"79":0,"80":0,"81":0,"82":0,"83":0,"84":0,"85":0,"86":0,"87":0,"88":0,"89":0,"90":0,"91":0,"92":0,"93":0,"94":0,"95":0,"96":0,"97":0,"98":0,"99":0,"100":0,"101":0,"102":0,"103":0,"104":0,"105":0,"106":0,"107":0,"108":0,"109":0,"110":0,"111":0,"112":0,"113":0,"114":0,"115":0,"116":0,"117":0,"118":0,"119":0,"120":0,"121":0,"122":0,"123":0,"124":0,"125":0,"126":0,"127":0,"128":0,"129":0},"f":{"0":0,"1":0,"2":0,"3":0,"4":0,"5":0,"6":0,"7":0,"8":0,"9":0,"10":0,"11":0,"12":0,"13":0,"14":0,"15":0,"16":0,"17":0,"18":0,"19":0,"20":0,"21":0,"22":0,"23":0,"24":0,"25":0,"26":0,"27":0},"b":{"0":[0,0],"1":[0,0],"2":[0,0],"3":[0,0],"4":[0,0],"5":[0,0],"6":[0,0],"7":[0,0],"8":[0,0],"9":[0,0],"10":[0,0],"11":[0,0],"12":[0,0],"13":[0,0],"14":[0,0],"15":[0,0],"16":[0,0],"17":[0,0],"18":[0,0],"19":[0,0]}}
,"/home/runner/work/takahashi-presenter/takahashi-presenter/js/renderer.js": {"path":"/home/runner/work/takahashi-presenter/takahashi-presenter/js/renderer.js","statementMap":{"0":{"start":{"line":3,"column":22},"end":{"line":151,"column":1}},"1":{"start":{"line":16,"column":8},"end":{"line":16,"column":29}},"2":{"start":{"line":17,"column":8},"end":{"line":17,"column":35}},"3":{"start":{"line":18,"column":8},"end":{"line":18,"column":30}},"4":{"start":{"line":19,"column":8},"end":{"line":19,"column":44}},"5":{"start":{"line":27,"column":8},"end":{"line":29,"column":9}},"6":{"start":{"line":28,"column":12},"end":{"line":28,"column":19}},"7":{"start":{"line":31,"column":22},"end":{"line":31,"column":40}},"8":{"start":{"line":32,"column":8},"end":{"line":32,"column":51}},"9":{"start":{"line":33,"column":8},"end":{"line":33,"column":34}},"10":{"start":{"line":36,"column":8},"end":{"line":40,"column":9}},"11":{"start":{"line":37,"column":12},"end":{"line":37,"column":56}},"12":{"start":{"line":39,"column":12},"end":{"line":39,"column":59}},"13":{"start":{"line":43,"column":8},"end":{"line":47,"column":9}},"14":{"start":{"line":44,"column":12},"end":{"line":44,"column":59}},"15":{"start":{"line":46,"column":12},"end":{"line":46,"column":62}},"16":{"start":{"line":50,"column":8},"end":{"line":50,"column":25}},"17":{"start":{"line":53,"column":8},"end":{"line":60,"column":9}},"18":{"start":{"line":54,"column":12},"end":{"line":54,"column":52}},"19":{"start":{"line":55,"column":12},"end":{"line":57,"column":19}},"20":{"start":{"line":56,"column":16},"end":{"line":56,"column":52}},"21":{"start":{"line":59,"column":12},"end":{"line":59,"column":52}},"22":{"start":{"line":67,"column":21},"end":{"line":67,"column":47}},"23":{"start":{"line":68,"column":23},"end":{"line":68,"column":34}},"24":{"start":{"line":74,"column":8},"end":{"line":88,"column":9}},"25":{"start":{"line":75,"column":12},"end":{"line":75,"column":30}},"26":{"start":{"line":76,"column":15},"end":{"line":88,"column":9}},"27":{"start":{"line":77,"column":12},"end":{"line":77,"column":30}},"28":{"start":{"line":78,"column":15},"end":{"line":88,"column":9}},"29":{"start":{"line":79,"column":12},"end":{"line":79,"column":30}},"30":{"start":{"line":80,"column":15},"end":{"line":88,"column":9}},"31":{"start":{"line":81,"column":12},"end":{"line":81,"column":30}},"32":{"start":{"line":82,"column":15},"end":{"line":88,"column":9}},"33":{"start":{"line":83,"column":12},"end":{"line":83,"column":29}},"34":{"start":{"line":84,"column":15},"end":{"line":88,"column":9}},"35":{"start":{"line":85,"column":12},"end":{"line":85,"column":29}},"36":{"start":{"line":87,"column":12},"end":{"line":87,"column":29}},"37":{"start":{"line":90,"column":8},"end":{"line":90,"column":49}},"38":{"start":{"line":98,"column":8},"end":{"line":101,"column":9}},"39":{"start":{"line":99,"column":12},"end":{"line":99,"column":47}},"40":{"start":{"line":100,"column":12},"end":{"line":100,"column":24}},"41":{"start":{"line":102,"column":8},"end":{"line":102,"column":21}},"42":{"start":{"line":110,"column":8},"end":{"line":113,"column":9}},"43":{"start":{"line":111,"column":12},"end":{"line":111,"column":47}},"44":{"start":{"line":112,"column":12},"end":{"line":112,"column":24}},"45":{"start":{"line":114,"column":8},"end":{"line":114,"column":21}},"46":{"start":{"line":121,"column":8},"end":{"line":121,"column":23}},"47":{"start":{"line":128,"column":8},"end":{"line":128,"column":44}},"48":{"start":{"line":136,"column":8},"end":{"line":141,"column":10}},"49":{"start":{"line":148,"column":8},"end":{"line":148,"column":57}},"50":{"start":{"line":149,"column":8},"end":{"line":149,"column":38}}},"fnMap":{"0":{"name":"(anonymous_0)","decl":{"start":{"line":15,"column":4},"end":{"line":15,"column":5}},"loc":{"start":{"line":15,"column":47},"end":{"line":20,"column":5}},"line":15},"1":{"name":"(anonymous_1)","decl":{"start":{"line":26,"column":4},"end":{"line":26,"column":5}},"loc":{"start":{"line":26,"column":18},"end":{"line":61,"column":5}},"line":26},"2":{"name":"(anonymous_2)","decl":{"start":{"line":55,"column":23},"end":{"line":55,"column":24}},"loc":{"start":{"line":55,"column":29},"end":{"line":57,"column":13}},"line":55},"3":{"name":"(anonymous_3)","decl":{"start":{"line":66,"column":4},"end":{"line":66,"column":5}},"loc":{"start":{"line":66,"column":16},"end":{"line":91,"column":5}},"line":66},"4":{"name":"(anonymous_4)","decl":{"start":{"line":97,"column":4},"end":{"line":97,"column":5}},"loc":{"start":{"line":97,"column":11},"end":{"line":103,"column":5}},"line":97},"5":{"name":"(anonymous_5)","decl":{"start":{"line":109,"column":4},"end":{"line":109,"column":5}},"loc":{"start":{"line":109,"column":15},"end":{"line":115,"column":5}},"line":109},"6":{"name":"(anonymous_6)","decl":{"start":{"line":120,"column":4},"end":{"line":120,"column":5}},"loc":{"start":{"line":120,"column":12},"end":{"line":122,"column":5}},"line":120},"7":{"name":"(anonymous_7)","decl":{"start":{"line":127,"column":4},"end":{"line":127,"column":5}},"loc":{"start":{"line":127,"column":11},"end":{"line":129,"column":5}},"line":127},"8":{"name":"(anonymous_8)","decl":{"start":{"line":135,"column":4},"end":{"line":135,"column":5}},"loc":{"start":{"line":135,"column":21},"end":{"line":142,"column":5}},"line":135},"9":{"name":"(anonymous_9)","decl":{"start":{"line":147,"column":4},"end":{"line":147,"column":5}},"loc":{"start":{"line":147,"column":23},"end":{"line":150,"column":5}},"line":147}},"branchMap":{"0":{"loc":{"start":{"line":15,"column":28},"end":{"line":15,"column":45}},"type":"default-arg","locations":[{"start":{"line":15,"column":41},"end":{"line":15,"column":45}}],"line":15},"1":{"loc":{"start":{"line":27,"column":8},"end":{"line":29,"column":9}},"type":"if","locations":[{"start":{"line":27,"column":8},"end":{"line":29,"column":9}},{"start":{},"end":{}}],"line":27},"2":{"loc":{"start":{"line":27,"column":12},"end":{"line":27,"column":68}},"type":"binary-expr","locations":[{"start":{"line":27,"column":12},"end":{"line":27,"column":24}},{"start":{"line":27,"column":28},"end":{"line":27,"column":37}},{"start":{"line":27,"column":41},"end":{"line":27,"column":68}}],"line":27},"3":{"loc":{"start":{"line":36,"column":8},"end":{"line":40,"column":9}},"type":"if","locations":[{"start":{"line":36,"column":8},"end":{"line":40,"column":9}},{"start":{"line":38,"column":15},"end":{"line":40,"column":9}}],"line":36},"4":{"loc":{"start":{"line":43,"column":8},"end":{"line":47,"column":9}},"type":"if","locations":[{"start":{"line":43,"column":8},"end":{"line":47,"column":9}},{"start":{"line":45,"column":15},"end":{"line":47,"column":9}}],"line":43},"5":{"loc":{"start":{"line":53,"column":8},"end":{"line":60,"column":9}},"type":"if","locations":[{"start":{"line":53,"column":8},"end":{"line":60,"column":9}},{"start":{"line":58,"column":15},"end":{"line":60,"column":9}}],"line":53},"6":{"loc":{"start":{"line":74,"column":8},"end":{"line":88,"column":9}},"type":"if","locations":[{"start":{"line":74,"column":8},"end":{"line":88,"column":9}},{"start":{"line":76,"column":15},"end":{"line":88,"column":9}}],"line":74},"7":{"loc":{"start":{"line":76,"column":15},"end":{"line":88,"column":9}},"type":"if","locations":[{"start":{"line":76,"column":15},"end":{"line":88,"column":9}},{"start":{"line":78,"column":15},"end":{"line":88,"column":9}}],"line":76},"8":{"loc":{"start":{"line":78,"column":15},"end":{"line":88,"column":9}},"type":"if","locations":[{"start":{"line":78,"column":15},"end":{"line":88,"column":9}},{"start":{"line":80,"column":15},"end":{"line":88,"column":9}}],"line":78},"9":{"loc":{"start":{"line":80,"column":15},"end":{"line":88,"column":9}},"type":"if","locations":[{"start":{"line":80,"column":15},"end":{"line":88,"column":9}},{"start":{"line":82,"column":15},"end":{"line":88,"column":9}}],"line":80},"10":{"loc":{"start":{"line":82,"column":15},"end":{"line":88,"column":9}},"type":"if","locations":[{"start":{"line":82,"column":15},"end":{"line":88,"column":9}},{"start":{"line":84,"column":15},"end":{"line":88,"column":9}}],"line":82},"11":{"loc":{"start":{"line":84,"column":15},"end":{"line":88,"column":9}},"type":"if","locations":[{"start":{"line":84,"column":15},"end":{"line":88,"column":9}},{"start":{"line":86,"column":15},"end":{"line":88,"column":9}}],"line":84},"12":{"loc":{"start":{"line":98,"column":8},"end":{"line":101,"column":9}},"type":"if","locations":[{"start":{"line":98,"column":8},"end":{"line":101,"column":9}},{"start":{},"end":{}}],"line":98},"13":{"loc":{"start":{"line":110,"column":8},"end":{"line":113,"column":9}},"type":"if","locations":[{"start":{"line":110,"column":8},"end":{"line":113,"column":9}},{"start":{},"end":{}}],"line":110}},"s":{"0":0,"1":0,"2":0,"3":0,"4":0,"5":0,"6":0,"7":0,"8":0,"9":0,"10":0,"11":0,"12":0,"13":0,"14":0,"15":0,"16":0,"17":0,"18":0,"19":0,"20":0,"21":0,"22":0,"23":0,"24":0,"25":0,"26":0,"27":0,"28":0,"29":0,"30":0,"31":0,"32":0,"33":0,"34":0,"35":0,"36":0,"37":0,"38":0,"39":0,"40":0,"41":0,"42":0,"43":0,"44":0,"45":0,"46":0,"47":0,"48":0,"49":0,"50":0},"f":{"0":0,"1":0,"2":0,"3":0,"4":0,"5":0,"6":0,"7":0,"8":0,"9":0},"b":{"0":[0],"1":[0,0],"2":[0,0,0],"3":[0,0],"4":[0,0],"5":[0,0],"6":[0,0],"7":[0,0],"8":[0,0],"9":[0,0],"10":[0,0],"11":[0,0],"12":[0,0],"13":[0,0]}}
,"/home/runner/work/takahashi-presenter/takahashi-presenter/js/storage.js": {"path":"/home/runner/work/takahashi-presenter/takahashi-presenter/js/storage.js","statementMap":{"0":{"start":{"line":3,"column":23},"end":{"line":59,"column":1}},"1":{"start":{"line":12,"column":8},"end":{"line":16,"column":9}},"2":{"start":{"line":13,"column":12},"end":{"line":13,"column":67}},"3":{"start":{"line":15,"column":12},"end":{"line":15,"column":64}},"4":{"start":{"line":21,"column":8},"end":{"line":26,"column":9}},"5":{"start":{"line":22,"column":12},"end":{"line":22,"column":71}},"6":{"start":{"line":24,"column":12},"end":{"line":24,"column":66}},"7":{"start":{"line":25,"column":12},"end":{"line":25,"column":22}},"8":{"start":{"line":31,"column":8},"end":{"line":35,"column":9}},"9":{"start":{"line":32,"column":12},"end":{"line":32,"column":79}},"10":{"start":{"line":34,"column":12},"end":{"line":34,"column":57}},"11":{"start":{"line":40,"column":8},"end":{"line":46,"column":9}},"12":{"start":{"line":41,"column":29},"end":{"line":41,"column":69}},"13":{"start":{"line":42,"column":12},"end":{"line":42,"column":58}},"14":{"start":{"line":44,"column":12},"end":{"line":44,"column":57}},"15":{"start":{"line":45,"column":12},"end":{"line":45,"column":24}},"16":{"start":{"line":51,"column":8},"end":{"line":57,"column":9}},"17":{"start":{"line":52,"column":12},"end":{"line":54,"column":15}},"18":{"start":{"line":53,"column":16},"end":{"line":53,"column":45}},"19":{"start":{"line":56,"column":12},"end":{"line":56,"column":62}}},"fnMap":{"0":{"name":"(anonymous_0)","decl":{"start":{"line":11,"column":4},"end":{"line":11,"column":5}},"loc":{"start":{"line":11,"column":30},"end":{"line":17,"column":5}},"line":11},"1":{"name":"(anonymous_1)","decl":{"start":{"line":20,"column":4},"end":{"line":20,"column":5}},"loc":{"start":{"line":20,"column":22},"end":{"line":27,"column":5}},"line":20},"2":{"name":"(anonymous_2)","decl":{"start":{"line":30,"column":4},"end":{"line":30,"column":5}},"loc":{"start":{"line":30,"column":27},"end":{"line":36,"column":5}},"line":30},"3":{"name":"(anonymous_3)","decl":{"start":{"line":39,"column":4},"end":{"line":39,"column":5}},"loc":{"start":{"line":39,"column":18},"end":{"line":47,"column":5}},"line":39},"4":{"name":"(anonymous_4)","decl":{"start":{"line":50,"column":4},"end":{"line":50,"column":5}},"loc":{"start":{"line":50,"column":15},"end":{"line":58,"column":5}},"line":50},"5":{"name":"(anonymous_5)","decl":{"start":{"line":52,"column":45},"end":{"line":52,"column":46}},"loc":{"start":{"line":52,"column":52},"end":{"line":54,"column":13}},"line":52}},"branchMap":{"0":{"loc":{"start":{"line":22,"column":19},"end":{"line":22,"column":70}},"type":"binary-expr","locations":[{"start":{"line":22,"column":19},"end":{"line":22,"column":64}},{"start":{"line":22,"column":68},"end":{"line":22,"column":70}}],"line":22},"1":{"loc":{"start":{"line":42,"column":19},"end":{"line":42,"column":57}},"type":"cond-expr","locations":[{"start":{"line":42,"column":30},"end":{"line":42,"column":50}},{"start":{"line":42,"column":53},"end":{"line":42,"column":57}}],"line":42}},"s":{"0":0,"1":0,"2":0,"3":0,"4":0,"5":0,"6":0,"7":0,"8":0,"9":0,"10":0,"11":0,"12":0,"13":0,"14":0,"15":0,"16":0,"17":0,"18":0,"19":0},"f":{"0":0,"1":0,"2":0,"3":0,"4":0,"5":0},"b":{"0":[0,0],"1":[0,0]}}
}
