{"/home/runner/work/takahashi-presenter/takahashi-presenter/js/navigation.js": {"path":"/home/runner/work/takahashi-presenter/takahashi-presenter/js/navigation.js","statementMap":{"0":{"start":{"line":3,"column":29},"end":{"line":224,"column":1}},"1":{"start":{"line":25,"column":8},"end":{"line":25,"column":null}},"2":{"start":{"line":26,"column":8},"end":{"line":26,"column":null}},"3":{"start":{"line":33,"column":8},"end":{"line":35,"column":null}},"4":{"start":{"line":34,"column":12},"end":{"line":34,"column":null}},"5":{"start":{"line":38,"column":8},"end":{"line":40,"column":null}},"6":{"start":{"line":39,"column":12},"end":{"line":39,"column":null}},"7":{"start":{"line":43,"column":8},"end":{"line":45,"column":null}},"8":{"start":{"line":44,"column":12},"end":{"line":44,"column":null}},"9":{"start":{"line":54,"column":8},"end":{"line":72,"column":null}},"10":{"start":{"line":55,"column":30},"end":{"line":55,"column":66}},"11":{"start":{"line":56,"column":33},"end":{"line":56,"column":72}},"12":{"start":{"line":57,"column":30},"end":{"line":57,"column":66}},"13":{"start":{"line":60,"column":12},"end":{"line":66,"column":null}},"14":{"start":{"line":63,"column":16},"end":{"line":63,"column":null}},"15":{"start":{"line":65,"column":16},"end":{"line":65,"column":null}},"16":{"start":{"line":69,"column":12},"end":{"line":69,"column":null}},"17":{"start":{"line":70,"column":12},"end":{"line":70,"column":null}},"18":{"start":{"line":70,"column":29},"end":{"line":70,"column":null}},"19":{"start":{"line":71,"column":12},"end":{"line":71,"column":null}},"20":{"start":{"line":74,"column":8},"end":{"line":171,"column":null}},"21":{"start":{"line":80,"column":16},"end":{"line":80,"column":null}},"22":{"start":{"line":81,"column":16},"end":{"line":81,"column":null}},"23":{"start":{"line":81,"column":33},"end":{"line":81,"column":null}},"24":{"start":{"line":82,"column":16},"end":{"line":82,"column":null}},"25":{"start":{"line":88,"column":16},"end":{"line":88,"column":null}},"26":{"start":{"line":89,"column":16},"end":{"line":89,"column":null}},"27":{"start":{"line":89,"column":37},"end":{"line":89,"column":null}},"28":{"start":{"line":90,"column":16},"end":{"line":90,"column":null}},"29":{"start":{"line":94,"column":16},"end":{"line":94,"column":null}},"30":{"start":{"line":95,"column":16},"end":{"line":95,"column":null}},"31":{"start":{"line":95,"column":34},"end":{"line":95,"column":null}},"32":{"start":{"line":96,"column":16},"end":{"line":96,"column":null}},"33":{"start":{"line":100,"column":16},"end":{"line":100,"column":null}},"34":{"start":{"line":101,"column":16},"end":{"line":101,"column":null}},"35":{"start":{"line":101,"column":33},"end":{"line":101,"column":null}},"36":{"start":{"line":102,"column":16},"end":{"line":102,"column":null}},"37":{"start":{"line":107,"column":16},"end":{"line":107,"column":null}},"38":{"start":{"line":108,"column":16},"end":{"line":108,"column":null}},"39":{"start":{"line":108,"column":45},"end":{"line":108,"column":null}},"40":{"start":{"line":109,"column":16},"end":{"line":109,"column":null}},"41":{"start":{"line":114,"column":16},"end":{"line":114,"column":null}},"42":{"start":{"line":115,"column":16},"end":{"line":115,"column":null}},"43":{"start":{"line":115,"column":43},"end":{"line":115,"column":null}},"44":{"start":{"line":116,"column":16},"end":{"line":116,"column":null}},"45":{"start":{"line":121,"column":16},"end":{"line":121,"column":null}},"46":{"start":{"line":122,"column":16},"end":{"line":122,"column":null}},"47":{"start":{"line":122,"column":42},"end":{"line":122,"column":null}},"48":{"start":{"line":123,"column":16},"end":{"line":123,"column":null}},"49":{"start":{"line":128,"column":16},"end":{"line":128,"column":null}},"50":{"start":{"line":129,"column":16},"end":{"line":129,"column":null}},"51":{"start":{"line":129,"column":40},"end":{"line":129,"column":null}},"52":{"start":{"line":130,"column":16},"end":{"line":130,"column":null}},"53":{"start":{"line":134,"column":16},"end":{"line":134,"column":null}},"54":{"start":{"line":135,"column":16},"end":{"line":135,"column":null}},"55":{"start":{"line":135,"column":45},"end":{"line":135,"column":null}},"56":{"start":{"line":136,"column":16},"end":{"line":136,"column":null}},"57":{"start":{"line":141,"column":16},"end":{"line":141,"column":null}},"58":{"start":{"line":142,"column":16},"end":{"line":142,"column":null}},"59":{"start":{"line":142,"column":46},"end":{"line":142,"column":null}},"60":{"start":{"line":143,"column":16},"end":{"line":143,"column":null}},"61":{"start":{"line":148,"column":16},"end":{"line":148,"column":null}},"62":{"start":{"line":149,"column":16},"end":{"line":149,"column":null}},"63":{"start":{"line":149,"column":39},"end":{"line":149,"column":null}},"64":{"start":{"line":150,"column":16},"end":{"line":150,"column":null}},"65":{"start":{"line":154,"column":16},"end":{"line":154,"column":null}},"66":{"start":{"line":155,"column":16},"end":{"line":155,"column":null}},"67":{"start":{"line":155,"column":39},"end":{"line":155,"column":null}},"68":{"start":{"line":156,"column":16},"end":{"line":156,"column":null}},"69":{"start":{"line":161,"column":16},"end":{"line":161,"column":null}},"70":{"start":{"line":162,"column":16},"end":{"line":162,"column":null}},"71":{"start":{"line":162,"column":43},"end":{"line":162,"column":null}},"72":{"start":{"line":163,"column":16},"end":{"line":163,"column":null}},"73":{"start":{"line":168,"column":16},"end":{"line":168,"column":null}},"74":{"start":{"line":169,"column":16},"end":{"line":169,"column":null}},"75":{"start":{"line":169,"column":45},"end":{"line":169,"column":null}},"76":{"start":{"line":170,"column":16},"end":{"line":170,"column":null}},"77":{"start":{"line":180,"column":26},"end":{"line":180,"column":62}},"78":{"start":{"line":181,"column":29},"end":{"line":181,"column":68}},"79":{"start":{"line":182,"column":26},"end":{"line":182,"column":62}},"80":{"start":{"line":184,"column":8},"end":{"line":188,"column":null}},"81":{"start":{"line":187,"column":12},"end":{"line":187,"column":null}},"82":{"start":{"line":191,"column":8},"end":{"line":197,"column":null}},"83":{"start":{"line":196,"column":12},"end":{"line":196,"column":null}},"84":{"start":{"line":199,"column":8},"end":{"line":199,"column":null}},"85":{"start":{"line":203,"column":8},"end":{"line":209,"column":null}},"86":{"start":{"line":204,"column":12},"end":{"line":204,"column":null}},"87":{"start":{"line":205,"column":15},"end":{"line":209,"column":null}},"88":{"start":{"line":206,"column":12},"end":{"line":206,"column":null}},"89":{"start":{"line":208,"column":12},"end":{"line":208,"column":null}},"90":{"start":{"line":211,"column":28},"end":{"line":211,"column":45}},"91":{"start":{"line":212,"column":26},"end":{"line":212,"column":41}},"92":{"start":{"line":213,"column":27},"end":{"line":213,"column":46}},"93":{"start":{"line":215,"column":8},"end":{"line":221,"column":null}},"94":{"start":{"line":217,"column":12},"end":{"line":217,"column":null}},"95":{"start":{"line":217,"column":33},"end":{"line":217,"column":null}},"96":{"start":{"line":218,"column":15},"end":{"line":221,"column":null}},"97":{"start":{"line":220,"column":12},"end":{"line":220,"column":null}},"98":{"start":{"line":220,"column":29},"end":{"line":220,"column":null}},"99":{"start":{"line":226,"column":0},"end":{"line":228,"column":null}},"100":{"start":{"line":227,"column":4},"end":{"line":227,"column":null}}},"fnMap":{"0":{"name":"(anonymous_0)","decl":{"start":{"line":24,"column":4},"end":{"line":24,"column":8}},"loc":{"start":{"line":24,"column":20},"end":{"line":27,"column":5}},"line":24},"1":{"name":"(anonymous_1)","decl":{"start":{"line":32,"column":4},"end":{"line":32,"column":24}},"loc":{"start":{"line":32,"column":27},"end":{"line":46,"column":5}},"line":32},"2":{"name":"(anonymous_2)","decl":{"start":{"line":33,"column":45},"end":{"line":33,"column":46}},"loc":{"start":{"line":33,"column":52},"end":{"line":35,"column":9}},"line":33},"3":{"name":"(anonymous_3)","decl":{"start":{"line":38,"column":46},"end":{"line":38,"column":47}},"loc":{"start":{"line":38,"column":53},"end":{"line":40,"column":9}},"line":38},"4":{"name":"(anonymous_4)","decl":{"start":{"line":43,"column":43},"end":{"line":43,"column":44}},"loc":{"start":{"line":43,"column":50},"end":{"line":45,"column":9}},"line":43},"5":{"name":"(anonymous_5)","decl":{"start":{"line":52,"column":4},"end":{"line":52,"column":18}},"loc":{"start":{"line":52,"column":22},"end":{"line":172,"column":5}},"line":52},"6":{"name":"(anonymous_6)","decl":{"start":{"line":178,"column":4},"end":{"line":178,"column":13}},"loc":{"start":{"line":178,"column":17},"end":{"line":223,"column":null}},"line":178}},"branchMap":{"0":{"loc":{"start":{"line":54,"column":8},"end":{"line":72,"column":null}},"type":"if","locations":[{"start":{"line":54,"column":8},"end":{"line":72,"column":null}},{"start":{},"end":{}}],"line":54},"1":{"loc":{"start":{"line":60,"column":12},"end":{"line":66,"column":null}},"type":"if","locations":[{"start":{"line":60,"column":12},"end":{"line":66,"column":null}},{"start":{},"end":{}}],"line":60},"2":{"loc":{"start":{"line":60,"column":16},"end":{"line":62,"column":70}},"type":"binary-expr","locations":[{"start":{"line":60,"column":17},"end":{"line":60,"column":26}},{"start":{"line":60,"column":30},"end":{"line":60,"column":69}},{"start":{"line":61,"column":17},"end":{"line":61,"column":29}},{"start":{"line":61,"column":33},"end":{"line":61,"column":75}},{"start":{"line":62,"column":17},"end":{"line":62,"column":26}},{"start":{"line":62,"column":30},"end":{"line":62,"column":69}}],"line":60},"3":{"loc":{"start":{"line":70,"column":12},"end":{"line":70,"column":null}},"type":"if","locations":[{"start":{"line":70,"column":12},"end":{"line":70,"column":null}},{"start":{},"end":{}}],"line":70},"4":{"loc":{"start":{"line":74,"column":8},"end":{"line":171,"column":null}},"type":"switch","locations":[{"start":{"line":76,"column":12},"end":{"line":76,"column":null}},{"start":{"line":77,"column":12},"end":{"line":77,"column":null}},{"start":{"line":78,"column":12},"end":{"line":78,"column":null}},{"start":{"line":79,"column":12},"end":{"line":82,"column":null}},{"start":{"line":85,"column":12},"end":{"line":85,"column":null}},{"start":{"line":86,"column":12},"end":{"line":86,"column":null}},{"start":{"line":87,"column":12},"end":{"line":90,"column":null}},{"start":{"line":93,"column":12},"end":{"line":96,"column":null}},{"start":{"line":99,"column":12},"end":{"line":102,"column":null}},{"start":{"line":105,"column":12},"end":{"line":105,"column":null}},{"start":{"line":106,"column":12},"end":{"line":109,"column":null}},{"start":{"line":112,"column":12},"end":{"line":112,"column":null}},{"start":{"line":113,"column":12},"end":{"line":116,"column":null}},{"start":{"line":119,"column":12},"end":{"line":119,"column":null}},{"start":{"line":120,"column":12},"end":{"line":123,"column":null}},{"start":{"line":126,"column":12},"end":{"line":126,"column":null}},{"start":{"line":127,"column":12},"end":{"line":130,"column":null}},{"start":{"line":133,"column":12},"end":{"line":136,"column":null}},{"start":{"line":139,"column":12},"end":{"line":139,"column":null}},{"start":{"line":140,"column":12},"end":{"line":143,"column":null}},{"start":{"line":146,"column":12},"end":{"line":146,"column":null}},{"start":{"line":147,"column":12},"end":{"line":150,"column":null}},{"start":{"line":153,"column":12},"end":{"line":156,"column":null}},{"start":{"line":159,"column":12},"end":{"line":159,"column":null}},{"start":{"line":160,"column":12},"end":{"line":163,"column":null}},{"start":{"line":166,"column":12},"end":{"line":166,"column":null}},{"start":{"line":167,"column":12},"end":{"line":170,"column":null}}],"line":74},"5":{"loc":{"start":{"line":81,"column":16},"end":{"line":81,"column":null}},"type":"if","locations":[{"start":{"line":81,"column":16},"end":{"line":81,"column":null}},{"start":{},"end":{}}],"line":81},"6":{"loc":{"start":{"line":89,"column":16},"end":{"line":89,"column":null}},"type":"if","locations":[{"start":{"line":89,"column":16},"end":{"line":89,"column":null}},{"start":{},"end":{}}],"line":89},"7":{"loc":{"start":{"line":95,"column":16},"end":{"line":95,"column":null}},"type":"if","locations":[{"start":{"line":95,"column":16},"end":{"line":95,"column":null}},{"start":{},"end":{}}],"line":95},"8":{"loc":{"start":{"line":101,"column":16},"end":{"line":101,"column":null}},"type":"if","locations":[{"start":{"line":101,"column":16},"end":{"line":101,"column":null}},{"start":{},"end":{}}],"line":101},"9":{"loc":{"start":{"line":108,"column":16},"end":{"line":108,"column":null}},"type":"if","locations":[{"start":{"line":108,"column":16},"end":{"line":108,"column":null}},{"start":{},"end":{}}],"line":108},"10":{"loc":{"start":{"line":115,"column":16},"end":{"line":115,"column":null}},"type":"if","locations":[{"start":{"line":115,"column":16},"end":{"line":115,"column":null}},{"start":{},"end":{}}],"line":115},"11":{"loc":{"start":{"line":122,"column":16},"end":{"line":122,"column":null}},"type":"if","locations":[{"start":{"line":122,"column":16},"end":{"line":122,"column":null}},{"start":{},"end":{}}],"line":122},"12":{"loc":{"start":{"line":129,"column":16},"end":{"line":129,"column":null}},"type":"if","locations":[{"start":{"line":129,"column":16},"end":{"line":129,"column":null}},{"start":{},"end":{}}],"line":129},"13":{"loc":{"start":{"line":135,"column":16},"end":{"line":135,"column":null}},"type":"if","locations":[{"start":{"line":135,"column":16},"end":{"line":135,"column":null}},{"start":{},"end":{}}],"line":135},"14":{"loc":{"start":{"line":142,"column":16},"end":{"line":142,"column":null}},"type":"if","locations":[{"start":{"line":142,"column":16},"end":{"line":142,"column":null}},{"start":{},"end":{}}],"line":142},"15":{"loc":{"start":{"line":149,"column":16},"end":{"line":149,"column":null}},"type":"if","locations":[{"start":{"line":149,"column":16},"end":{"line":149,"column":null}},{"start":{},"end":{}}],"line":149},"16":{"loc":{"start":{"line":155,"column":16},"end":{"line":155,"column":null}},"type":"if","locations":[{"start":{"line":155,"column":16},"end":{"line":155,"column":null}},{"start":{},"end":{}}],"line":155},"17":{"loc":{"start":{"line":162,"column":16},"end":{"line":162,"column":null}},"type":"if","locations":[{"start":{"line":162,"column":16},"end":{"line":162,"column":null}},{"start":{},"end":{}}],"line":162},"18":{"loc":{"start":{"line":169,"column":16},"end":{"line":169,"column":null}},"type":"if","locations":[{"start":{"line":169,"column":16},"end":{"line":169,"column":null}},{"start":{},"end":{}}],"line":169},"19":{"loc":{"start":{"line":184,"column":8},"end":{"line":188,"column":null}},"type":"if","locations":[{"start":{"line":184,"column":8},"end":{"line":188,"column":null}},{"start":{},"end":{}}],"line":184},"20":{"loc":{"start":{"line":184,"column":12},"end":{"line":186,"column":66}},"type":"binary-expr","locations":[{"start":{"line":184,"column":13},"end":{"line":184,"column":22}},{"start":{"line":184,"column":26},"end":{"line":184,"column":65}},{"start":{"line":185,"column":13},"end":{"line":185,"column":25}},{"start":{"line":185,"column":29},"end":{"line":185,"column":71}},{"start":{"line":186,"column":13},"end":{"line":186,"column":22}},{"start":{"line":186,"column":26},"end":{"line":186,"column":65}}],"line":184},"21":{"loc":{"start":{"line":191,"column":8},"end":{"line":197,"column":null}},"type":"if","locations":[{"start":{"line":191,"column":8},"end":{"line":197,"column":null}},{"start":{},"end":{}}],"line":191},"22":{"loc":{"start":{"line":191,"column":12},"end":{"line":195,"column":37}},"type":"binary-expr","locations":[{"start":{"line":191,"column":12},"end":{"line":191,"column":41}},{"start":{"line":192,"column":12},"end":{"line":192,"column":36}},{"start":{"line":193,"column":12},"end":{"line":193,"column":38}},{"start":{"line":194,"column":12},"end":{"line":194,"column":38}},{"start":{"line":195,"column":12},"end":{"line":195,"column":37}}],"line":191},"23":{"loc":{"start":{"line":203,"column":8},"end":{"line":209,"column":null}},"type":"if","locations":[{"start":{"line":203,"column":8},"end":{"line":209,"column":null}},{"start":{"line":205,"column":15},"end":{"line":209,"column":null}}],"line":203},"24":{"loc":{"start":{"line":203,"column":12},"end":{"line":203,"column":76}},"type":"binary-expr","locations":[{"start":{"line":203,"column":12},"end":{"line":203,"column":33}},{"start":{"line":203,"column":37},"end":{"line":203,"column":53}},{"start":{"line":203,"column":57},"end":{"line":203,"column":76}}],"line":203},"25":{"loc":{"start":{"line":205,"column":15},"end":{"line":209,"column":null}},"type":"if","locations":[{"start":{"line":205,"column":15},"end":{"line":209,"column":null}},{"start":{"line":207,"column":15},"end":{"line":209,"column":null}}],"line":205},"26":{"loc":{"start":{"line":215,"column":8},"end":{"line":221,"column":null}},"type":"if","locations":[{"start":{"line":215,"column":8},"end":{"line":221,"column":null}},{"start":{"line":218,"column":15},"end":{"line":221,"column":null}}],"line":215},"27":{"loc":{"start":{"line":217,"column":12},"end":{"line":217,"column":null}},"type":"if","locations":[{"start":{"line":217,"column":12},"end":{"line":217,"column":null}},{"start":{},"end":{}}],"line":217},"28":{"loc":{"start":{"line":218,"column":15},"end":{"line":221,"column":null}},"type":"if","locations":[{"start":{"line":218,"column":15},"end":{"line":221,"column":null}},{"start":{},"end":{}}],"line":218},"29":{"loc":{"start":{"line":220,"column":12},"end":{"line":220,"column":null}},"type":"if","locations":[{"start":{"line":220,"column":12},"end":{"line":220,"column":null}},{"start":{},"end":{}}],"line":220},"30":{"loc":{"start":{"line":226,"column":0},"end":{"line":228,"column":null}},"type":"if","locations":[{"start":{"line":226,"column":0},"end":{"line":228,"column":null}},{"start":{},"end":{}}],"line":226},"31":{"loc":{"start":{"line":226,"column":4},"end":{"line":226,"column":51}},"type":"binary-expr","locations":[{"start":{"line":226,"column":4},"end":{"line":226,"column":33}},{"start":{"line":226,"column":37},"end":{"line":226,"column":51}}],"line":226}},"s":{"0":1,"1":0,"2":0,"3":0,"4":0,"5":0,"6":0,"7":0,"8":0,"9":26,"10":5,"11":5,"12":5,"13":5,"14":3,"15":3,"16":2,"17":2,"18":2,"19":2,"20":21,"21":5,"22":5,"23":4,"24":5,"25":3,"26":3,"27":3,"28":3,"29":1,"30":1,"31":1,"32":1,"33":1,"34":1,"35":1,"36":1,"37":2,"38":2,"39":2,"40":2,"41":1,"42":1,"43":1,"44":1,"45":1,"46":1,"47":1,"48":1,"49":1,"50":1,"51":1,"52":1,"53":1,"54":1,"55":1,"56":1,"57":1,"58":1,"59":1,"60":1,"61":1,"62":1,"63":1,"64":1,"65":1,"66":1,"67":1,"68":1,"69":1,"70":1,"71":1,"72":1,"73":1,"74":1,"75":1,"76":1,"77":7,"78":7,"79":7,"80":7,"81":2,"82":5,"83":1,"84":4,"85":4,"86":1,"87":3,"88":3,"89":0,"90":4,"91":4,"92":4,"93":4,"94":1,"95":1,"96":3,"97":2,"98":2,"99":1,"100":1},"f":{"0":0,"1":0,"2":0,"3":0,"4":0,"5":26,"6":7},"b":{"0":[5,21],"1":[3,2],"2":[5,2,4,1,3,1],"3":[2,0],"4":[2,3,4,5,1,2,3,1,1,1,2,1,1,1,1,1,1,1,1,1,1,1,1,1,1,1,1],"5":[4,1],"6":[3,0],"7":[1,0],"8":[1,0],"9":[2,0],"10":[1,0],"11":[1,0],"12":[1,0],"13":[1,0],"14":[1,0],"15":[1,0],"16":[1,0],"17":[1,0],"18":[1,0],"19":[2,5],"20":[7,1,6,1,5,0],"21":[1,4],"22":[5,5,5,4,4],"23":[1,3],"24":[4,1,1],"25":[3,0],"26":[1,3],"27":[1,0],"28":[2,1],"29":[2,0],"30":[1,0],"31":[1,1]},"meta":{"lastBranch":32,"lastFunction":7,"lastStatement":101,"seen":{"s:3:29:224:1":0,"f:24:4:24:8":0,"s:25:8:25:Infinity":1,"s:26:8:26:Infinity":2,"f:32:4:32:24":1,"s:33:8:35:Infinity":3,"f:33:45:33:46":2,"s:34:12:34:Infinity":4,"s:38:8:40:Infinity":5,"f:38:46:38:47":3,"s:39:12:39:Infinity":6,"s:43:8:45:Infinity":7,"f:43:43:43:44":4,"s:44:12:44:Infinity":8,"f:52:4:52:18":5,"b:54:8:72:Infinity:undefined:undefined:undefined:undefined":0,"s:54:8:72:Infinity":9,"s:55:30:55:66":10,"s:56:33:56:72":11,"s:57:30:57:66":12,"b:60:12:66:Infinity:undefined:undefined:undefined:undefined":1,"s:60:12:66:Infinity":13,"b:60:17:60:26:60:30:60:69:61:17:61:29:61:33:61:75:62:17:62:26:62:30:62:69":2,"s:63:16:63:Infinity":14,"s:65:16:65:Infinity":15,"s:69:12:69:Infinity":16,"b:70:12:70:Infinity:undefined:undefined:undefined:undefined":3,"s:70:12:70:Infinity":17,"s:70:29:70:Infinity":18,"s:71:12:71:Infinity":19,"b:76:12:76:Infinity:77:12:77:Infinity:78:12:78:Infinity:79:12:82:Infinity:85:12:85:Infinity:86:12:86:Infinity:87:12:90:Infinity:93:12:96:Infinity:99:12:102:Infinity:105:12:105:Infinity:106:12:109:Infinity:112:12:112:Infinity:113:12:116:Infinity:119:12:119:Infinity:120:12:123:Infinity:126:12:126:Infinity:127:12:130:Infinity:133:12:136:Infinity:139:12:139:Infinity:140:12:143:Infinity:146:12:146:Infinity:147:12:150:Infinity:153:12:156:Infinity:159:12:159:Infinity:160:12:163:Infinity:166:12:166:Infinity:167:12:170:Infinity":4,"s:74:8:171:Infinity":20,"s:80:16:80:Infinity":21,"b:81:16:81:Infinity:undefined:undefined:undefined:undefined":5,"s:81:16:81:Infinity":22,"s:81:33:81:Infinity":23,"s:82:16:82:Infinity":24,"s:88:16:88:Infinity":25,"b:89:16:89:Infinity:undefined:undefined:undefined:undefined":6,"s:89:16:89:Infinity":26,"s:89:37:89:Infinity":27,"s:90:16:90:Infinity":28,"s:94:16:94:Infinity":29,"b:95:16:95:Infinity:undefined:undefined:undefined:undefined":7,"s:95:16:95:Infinity":30,"s:95:34:95:Infinity":31,"s:96:16:96:Infinity":32,"s:100:16:100:Infinity":33,"b:101:16:101:Infinity:undefined:undefined:undefined:undefined":8,"s:101:16:101:Infinity":34,"s:101:33:101:Infinity":35,"s:102:16:102:Infinity":36,"s:107:16:107:Infinity":37,"b:108:16:108:Infinity:undefined:undefined:undefined:undefined":9,"s:108:16:108:Infinity":38,"s:108:45:108:Infinity":39,"s:109:16:109:Infinity":40,"s:114:16:114:Infinity":41,"b:115:16:115:Infinity:undefined:undefined:undefined:undefined":10,"s:115:16:115:Infinity":42,"s:115:43:115:Infinity":43,"s:116:16:116:Infinity":44,"s:121:16:121:Infinity":45,"b:122:16:122:Infinity:undefined:undefined:undefined:undefined":11,"s:122:16:122:Infinity":46,"s:122:42:122:Infinity":47,"s:123:16:123:Infinity":48,"s:128:16:128:Infinity":49,"b:129:16:129:Infinity:undefined:undefined:undefined:undefined":12,"s:129:16:129:Infinity":50,"s:129:40:129:Infinity":51,"s:130:16:130:Infinity":52,"s:134:16:134:Infinity":53,"b:135:16:135:Infinity:undefined:undefined:undefined:undefined":13,"s:135:16:135:Infinity":54,"s:135:45:135:Infinity":55,"s:136:16:136:Infinity":56,"s:141:16:141:Infinity":57,"b:142:16:142:Infinity:undefined:undefined:undefined:undefined":14,"s:142:16:142:Infinity":58,"s:142:46:142:Infinity":59,"s:143:16:143:Infinity":60,"s:148:16:148:Infinity":61,"b:149:16:149:Infinity:undefined:undefined:undefined:undefined":15,"s:149:16:149:Infinity":62,"s:149:39:149:Infinity":63,"s:150:16:150:Infinity":64,"s:154:16:154:Infinity":65,"b:155:16:155:Infinity:undefined:undefined:undefined:undefined":16,"s:155:16:155:Infinity":66,"s:155:39:155:Infinity":67,"s:156:16:156:Infinity":68,"s:161:16:161:Infinity":69,"b:162:16:162:Infinity:undefined:undefined:undefined:undefined":17,"s:162:16:162:Infinity":70,"s:162:43:162:Infinity":71,"s:163:16:163:Infinity":72,"s:168:16:168:Infinity":73,"b:169:16:169:Infinity:undefined:undefined:undefined:undefined":18,"s:169:16:169:Infinity":74,"s:169:45:169:Infinity":75,"s:170:16:170:Infinity":76,"f:178:4:178:13":6,"s:180:26:180:62":77,"s:181:29:181:68":78,"s:182:26:182:62":79,"b:184:8:188:Infinity:undefined:undefined:undefined:undefined":19,"s:184:8:188:Infinity":80,"b:184:13:184:22:184:26:184:65:185:13:185:25:185:29:185:71:186:13:186:22:186:26:186:65":20,"s:187:12:187:Infinity":81,"b:191:8:197:Infinity:undefined:undefined:undefined:undefined":21,"s:191:8:197:Infinity":82,"b:191:12:191:41:192:12:192:36:193:12:193:38:194:12:194:38:195:12:195:37":22,"s:196:12:196:Infinity":83,"s:199:8:199:Infinity":84,"b:203:8:209:Infinity:205:15:209:Infinity":23,"s:203:8:209:Infinity":85,"b:203:12:203:33:203:37:203:53:203:57:203:76":24,"s:204:12:204:Infinity":86,"b:205:15:209:Infinity:207:15:209:Infinity":25,"s:205:15:209:Infinity":87,"s:206:12:206:Infinity":88,"s:208:12:208:Infinity":89,"s:211:28:211:45":90,"s:212:26:212:41":91,"s:213:27:213:46":92,"b:215:8:221:Infinity:218:15:221:Infinity":26,"s:215:8:221:Infinity":93,"b:217:12:217:Infinity:undefined:undefined:undefined:undefined":27,"s:217:12:217:Infinity":94,"s:217:33:217:Infinity":95,"b:218:15:221:Infinity:undefined:undefined:undefined:undefined":28,"s:218:15:221:Infinity":96,"b:220:12:220:Infinity:undefined:undefined:undefined:undefined":29,"s:220:12:220:Infinity":97,"s:220:29:220:Infinity":98,"b:226:0:228:Infinity:undefined:undefined:undefined:undefined":30,"s:226:0:228:Infinity":99,"b:226:4:226:33:226:37:226:51":31,"s:227:4:227:Infinity":100}}}
,"/home/runner/work/takahashi-presenter/takahashi-presenter/js/parser.js": {"path":"/home/runner/work/takahashi-presenter/takahashi-presenter/js/parser.js","statementMap":{"0":{"start":{"line":3,"column":20},"end":{"line":184,"column":1}},"1":{"start":{"line":16,"column":8},"end":{"line":18,"column":null}},"2":{"start":{"line":17,"column":12},"end":{"line":17,"column":null}},"3":{"start":{"line":21,"column":35},"end":{"line":21,"column":64}},"4":{"start":{"line":24,"column":25},"end":{"line":24,"column":47}},"5":{"start":{"line":27,"column":23},"end":{"line":30,"column":74}},"6":{"start":{"line":28,"column":25},"end":{"line":28,"column":36}},"7":{"start":{"line":29,"column":28},"end":{"line":29,"column":43}},"8":{"start":{"line":30,"column":34},"end":{"line":30,"column":73}},"9":{"start":{"line":32,"column":8},"end":{"line":32,"column":null}},"10":{"start":{"line":47,"column":30},"end":{"line":47,"column":61}},"11":{"start":{"line":48,"column":22},"end":{"line":48,"column":50}},"12":{"start":{"line":50,"column":8},"end":{"line":52,"column":null}},"13":{"start":{"line":51,"column":12},"end":{"line":51,"column":null}},"14":{"start":{"line":54,"column":29},"end":{"line":54,"column":37}},"15":{"start":{"line":55,"column":21},"end":{"line":55,"column":55}},"16":{"start":{"line":58,"column":25},"end":{"line":58,"column":27}},"17":{"start":{"line":59,"column":8},"end":{"line":65,"column":null}},"18":{"start":{"line":60,"column":41},"end":{"line":60,"column":56}},"19":{"start":{"line":61,"column":12},"end":{"line":64,"column":null}},"20":{"start":{"line":62,"column":30},"end":{"line":62,"column":57}},"21":{"start":{"line":63,"column":16},"end":{"line":63,"column":null}},"22":{"start":{"line":67,"column":8},"end":{"line":67,"column":null}},"23":{"start":{"line":82,"column":8},"end":{"line":82,"column":null}},"24":{"start":{"line":86,"column":8},"end":{"line":86,"column":null}},"25":{"start":{"line":89,"column":21},"end":{"line":89,"column":63}},"26":{"start":{"line":91,"column":8},"end":{"line":91,"column":null}},"27":{"start":{"line":102,"column":22},"end":{"line":106,"column":9}},"28":{"start":{"line":109,"column":8},"end":{"line":113,"column":null}},"29":{"start":{"line":110,"column":12},"end":{"line":110,"column":null}},"30":{"start":{"line":111,"column":12},"end":{"line":111,"column":null}},"31":{"start":{"line":112,"column":12},"end":{"line":112,"column":null}},"32":{"start":{"line":116,"column":8},"end":{"line":120,"column":null}},"33":{"start":{"line":117,"column":12},"end":{"line":117,"column":null}},"34":{"start":{"line":118,"column":12},"end":{"line":118,"column":null}},"35":{"start":{"line":119,"column":12},"end":{"line":119,"column":null}},"36":{"start":{"line":122,"column":8},"end":{"line":122,"column":null}},"37":{"start":{"line":131,"column":8},"end":{"line":131,"column":null}},"38":{"start":{"line":140,"column":23},"end":{"line":140,"column":42}},"39":{"start":{"line":142,"column":8},"end":{"line":147,"column":null}},"40":{"start":{"line":156,"column":25},"end":{"line":156,"column":27}},"41":{"start":{"line":158,"column":8},"end":{"line":170,"column":null}},"42":{"start":{"line":160,"column":12},"end":{"line":162,"column":null}},"43":{"start":{"line":161,"column":16},"end":{"line":161,"column":null}},"44":{"start":{"line":165,"column":26},"end":{"line":165,"column":52}},"45":{"start":{"line":166,"column":30},"end":{"line":166,"column":68}},"46":{"start":{"line":166,"column":51},"end":{"line":166,"column":67}},"47":{"start":{"line":167,"column":12},"end":{"line":169,"column":null}},"48":{"start":{"line":168,"column":16},"end":{"line":168,"column":null}},"49":{"start":{"line":172,"column":8},"end":{"line":172,"column":null}},"50":{"start":{"line":181,"column":29},"end":{"line":181,"column":58}},"51":{"start":{"line":182,"column":8},"end":{"line":182,"column":null}},"52":{"start":{"line":186,"column":0},"end":{"line":188,"column":null}},"53":{"start":{"line":187,"column":4},"end":{"line":187,"column":null}}},"fnMap":{"0":{"name":"(anonymous_0)","decl":{"start":{"line":15,"column":4},"end":{"line":15,"column":9}},"loc":{"start":{"line":15,"column":19},"end":{"line":33,"column":5}},"line":15},"1":{"name":"(anonymous_1)","decl":{"start":{"line":28,"column":17},"end":{"line":28,"column":21}},"loc":{"start":{"line":28,"column":25},"end":{"line":28,"column":36}},"line":28},"2":{"name":"(anonymous_2)","decl":{"start":{"line":29,"column":20},"end":{"line":29,"column":24}},"loc":{"start":{"line":29,"column":28},"end":{"line":29,"column":43}},"line":29},"3":{"name":"(anonymous_3)","decl":{"start":{"line":30,"column":17},"end":{"line":30,"column":18}},"loc":{"start":{"line":30,"column":34},"end":{"line":30,"column":73}},"line":30},"4":{"name":"(anonymous_4)","decl":{"start":{"line":46,"column":4},"end":{"line":46,"column":19}},"loc":{"start":{"line":46,"column":29},"end":{"line":68,"column":5}},"line":46},"5":{"name":"(anonymous_5)","decl":{"start":{"line":59,"column":41},"end":{"line":59,"column":45}},"loc":{"start":{"line":59,"column":49},"end":{"line":65,"column":9}},"line":59},"6":{"name":"(anonymous_6)","decl":{"start":{"line":80,"column":4},"end":{"line":80,"column":15}},"loc":{"start":{"line":80,"column":25},"end":{"line":92,"column":5}},"line":80},"7":{"name":"(anonymous_7)","decl":{"start":{"line":101,"column":4},"end":{"line":101,"column":15}},"loc":{"start":{"line":101,"column":50},"end":{"line":123,"column":5}},"line":101},"8":{"name":"(anonymous_8)","decl":{"start":{"line":130,"column":4},"end":{"line":130,"column":9}},"loc":{"start":{"line":130,"column":19},"end":{"line":132,"column":5}},"line":130},"9":{"name":"(anonymous_9)","decl":{"start":{"line":139,"column":4},"end":{"line":139,"column":12}},"loc":{"start":{"line":139,"column":22},"end":{"line":148,"column":5}},"line":139},"10":{"name":"(anonymous_10)","decl":{"start":{"line":155,"column":4},"end":{"line":155,"column":15}},"loc":{"start":{"line":155,"column":24},"end":{"line":173,"column":5}},"line":155},"11":{"name":"(anonymous_11)","decl":{"start":{"line":158,"column":23},"end":{"line":158,"column":24}},"loc":{"start":{"line":158,"column":41},"end":{"line":170,"column":9}},"line":158},"12":{"name":"(anonymous_12)","decl":{"start":{"line":166,"column":43},"end":{"line":166,"column":47}},"loc":{"start":{"line":166,"column":51},"end":{"line":166,"column":67}},"line":166},"13":{"name":"(anonymous_13)","decl":{"start":{"line":180,"column":4},"end":{"line":180,"column":15}},"loc":{"start":{"line":180,"column":25},"end":{"line":183,"column":null}},"line":180}},"branchMap":{"0":{"loc":{"start":{"line":16,"column":8},"end":{"line":18,"column":null}},"type":"if","locations":[{"start":{"line":16,"column":8},"end":{"line":18,"column":null}},{"start":{},"end":{}}],"line":16},"1":{"loc":{"start":{"line":16,"column":12},"end":{"line":16,"column":51}},"type":"binary-expr","locations":[{"start":{"line":16,"column":12},"end":{"line":16,"column":20}},{"start":{"line":16,"column":24},"end":{"line":16,"column":51}}],"line":16},"2":{"loc":{"start":{"line":50,"column":8},"end":{"line":52,"column":null}},"type":"if","locations":[{"start":{"line":50,"column":8},"end":{"line":52,"column":null}},{"start":{},"end":{}}],"line":50},"3":{"loc":{"start":{"line":61,"column":12},"end":{"line":64,"column":null}},"type":"if","locations":[{"start":{"line":61,"column":12},"end":{"line":64,"column":null}},{"start":{},"end":{}}],"line":61},"4":{"loc":{"start":{"line":61,"column":16},"end":{"line":61,"column":44}},"type":"binary-expr","locations":[{"start":{"line":61,"column":16},"end":{"line":61,"column":19}},{"start":{"line":61,"column":23},"end":{"line":61,"column":44}}],"line":61},"5":{"loc":{"start":{"line":101,"column":29},"end":{"line":101,"column":48}},"type":"default-arg","locations":[{"start":{"line":101,"column":46},"end":{"line":101,"column":48}}],"line":101},"6":{"loc":{"start":{"line":109,"column":8},"end":{"line":113,"column":null}},"type":"if","locations":[{"start":{"line":109,"column":8},"end":{"line":113,"column":null}},{"start":{},"end":{}}],"line":109},"7":{"loc":{"start":{"line":116,"column":8},"end":{"line":120,"column":null}},"type":"if","locations":[{"start":{"line":116,"column":8},"end":{"line":120,"column":null}},{"start":{},"end":{}}],"line":116},"8":{"loc":{"start":{"line":145,"column":20},"end":{"line":145,"column":66}},"type":"cond-expr","locations":[{"start":{"line":145,"column":42},"end":{"line":145,"column":61}},{"start":{"line":145,"column":64},"end":{"line":145,"column":66}}],"line":145},"9":{"loc":{"start":{"line":160,"column":12},"end":{"line":162,"column":null}},"type":"if","locations":[{"start":{"line":160,"column":12},"end":{"line":162,"column":null}},{"start":{},"end":{}}],"line":160},"10":{"loc":{"start":{"line":167,"column":12},"end":{"line":169,"column":null}},"type":"if","locations":[{"start":{"line":167,"column":12},"end":{"line":169,"column":null}},{"start":{},"end":{}}],"line":167},"11":{"loc":{"start":{"line":186,"column":0},"end":{"line":188,"column":null}},"type":"if","locations":[{"start":{"line":186,"column":0},"end":{"line":188,"column":null}},{"start":{},"end":{}}],"line":186},"12":{"loc":{"start":{"line":186,"column":4},"end":{"line":186,"column":51}},"type":"binary-expr","locations":[{"start":{"line":186,"column":4},"end":{"line":186,"column":33}},{"start":{"line":186,"column":37},"end":{"line":186,"column":51}}],"line":186}},"s":{"0":1,"1":24,"2":6,"3":18,"4":18,"5":18,"6":35,"7":35,"8":35,"9":18,"10":25,"11":25,"12":25,"13":19,"14":6,"15":6,"16":6,"17":6,"18":8,"19":8,"20":8,"21":8,"22":6,"23":21,"24":21,"25":21,"26":21,"27":42,"28":42,"29":5,"30":5,"31":5,"32":42,"33":3,"34":3,"35":3,"36":42,"37":2,"38":6,"39":6,"40":9,"41":9,"42":12,"43":2,"44":12,"45":12,"46":20,"47":12,"48":4,"49":9,"50":2,"51":2,"52":1,"53":1},"f":{"0":24,"1":35,"2":35,"3":35,"4":25,"5":8,"6":21,"7":42,"8":2,"9":6,"10":9,"11":12,"12":20,"13":2},"b":{"0":[6,18],"1":[24,19],"2":[19,6],"3":[8,0],"4":[8,8],"5":[42],"6":[5,37],"7":[3,39],"8":[1,6],"9":[2,10],"10":[4,8],"11":[1,0],"12":[1,1]},"meta":{"lastBranch":13,"lastFunction":14,"lastStatement":54,"seen":{"s:3:20:184:1":0,"f:15:4:15:9":0,"b:16:8:18:Infinity:undefined:undefined:undefined:undefined":0,"s:16:8:18:Infinity":1,"b:16:12:16:20:16:24:16:51":1,"s:17:12:17:Infinity":2,"s:21:35:21:64":3,"s:24:25:24:47":4,"s:27:23:30:74":5,"f:28:17:28:21":1,"s:28:25:28:36":6,"f:29:20:29:24":2,"s:29:28:29:43":7,"f:30:17:30:18":3,"s:30:34:30:73":8,"s:32:8:32:Infinity":9,"f:46:4:46:19":4,"s:47:30:47:61":10,"s:48:22:48:50":11,"b:50:8:52:Infinity:undefined:undefined:undefined:undefined":2,"s:50:8:52:Infinity":12,"s:51:12:51:Infinity":13,"s:54:29:54:37":14,"s:55:21:55:55":15,"s:58:25:58:27":16,"s:59:8:65:Infinity":17,"f:59:41:59:45":5,"s:60:41:60:56":18,"b:61:12:64:Infinity:undefined:undefined:undefined:undefined":3,"s:61:12:64:Infinity":19,"b:61:16:61:19:61:23:61:44":4,"s:62:30:62:57":20,"s:63:16:63:Infinity":21,"s:67:8:67:Infinity":22,"f:80:4:80:15":6,"s:82:8:82:Infinity":23,"s:86:8:86:Infinity":24,"s:89:21:89:63":25,"s:91:8:91:Infinity":26,"f:101:4:101:15":7,"b:101:46:101:48":5,"s:102:22:106:9":27,"b:109:8:113:Infinity:undefined:undefined:undefined:undefined":6,"s:109:8:113:Infinity":28,"s:110:12:110:Infinity":29,"s:111:12:111:Infinity":30,"s:112:12:112:Infinity":31,"b:116:8:120:Infinity:undefined:undefined:undefined:undefined":7,"s:116:8:120:Infinity":32,"s:117:12:117:Infinity":33,"s:118:12:118:Infinity":34,"s:119:12:119:Infinity":35,"s:122:8:122:Infinity":36,"f:130:4:130:9":8,"s:131:8:131:Infinity":37,"f:139:4:139:12":9,"s:140:23:140:42":38,"s:142:8:147:Infinity":39,"b:145:42:145:61:145:64:145:66":8,"f:155:4:155:15":10,"s:156:25:156:27":40,"s:158:8:170:Infinity":41,"f:158:23:158:24":11,"b:160:12:162:Infinity:undefined:undefined:undefined:undefined":9,"s:160:12:162:Infinity":42,"s:161:16:161:Infinity":43,"s:165:26:165:52":44,"s:166:30:166:68":45,"f:166:43:166:47":12,"s:166:51:166:67":46,"b:167:12:169:Infinity:undefined:undefined:undefined:undefined":10,"s:167:12:169:Infinity":47,"s:168:16:168:Infinity":48,"s:172:8:172:Infinity":49,"f:180:4:180:15":13,"s:181:29:181:58":50,"s:182:8:182:Infinity":51,"b:186:0:188:Infinity:undefined:undefined:undefined:undefined":11,"s:186:0:188:Infinity":52,"b:186:4:186:33:186:37:186:51":12,"s:187:4:187:Infinity":53}}}
,"/home/runner/work/takahashi-presenter/takahashi-presenter/js/renderer.js": {"path":"/home/runner/work/takahashi-presenter/takahashi-presenter/js/renderer.js","statementMap":{"0":{"start":{"line":3,"column":22},"end":{"line":151,"column":1}},"1":{"start":{"line":16,"column":8},"end":{"line":16,"column":null}},"2":{"start":{"line":17,"column":8},"end":{"line":17,"column":null}},"3":{"start":{"line":18,"column":8},"end":{"line":18,"column":null}},"4":{"start":{"line":19,"column":8},"end":{"line":19,"column":null}},"5":{"start":{"line":27,"column":8},"end":{"line":29,"column":null}},"6":{"start":{"line":28,"column":12},"end":{"line":28,"column":null}},"7":{"start":{"line":31,"column":22},"end":{"line":31,"column":40}},"8":{"start":{"line":32,"column":8},"end":{"line":32,"column":null}},"9":{"start":{"line":33,"column":8},"end":{"line":33,"column":null}},"10":{"start":{"line":36,"column":8},"end":{"line":40,"column":null}},"11":{"start":{"line":37,"column":12},"end":{"line":37,"column":null}},"12":{"start":{"line":39,"column":12},"end":{"line":39,"column":null}},"13":{"start":{"line":43,"column":8},"end":{"line":47,"column":null}},"14":{"start":{"line":44,"column":12},"end":{"line":44,"column":null}},"15":{"start":{"line":46,"column":12},"end":{"line":46,"column":null}},"16":{"start":{"line":50,"column":8},"end":{"line":50,"column":null}},"17":{"start":{"line":53,"column":8},"end":{"line":60,"column":null}},"18":{"start":{"line":54,"column":12},"end":{"line":54,"column":null}},"19":{"start":{"line":55,"column":12},"end":{"line":57,"column":null}},"20":{"start":{"line":56,"column":16},"end":{"line":56,"column":null}},"21":{"start":{"line":59,"column":12},"end":{"line":59,"column":null}},"22":{"start":{"line":67,"column":21},"end":{"line":67,"column":47}},"23":{"start":{"line":68,"column":23},"end":{"line":68,"column":34}},"24":{"start":{"line":74,"column":8},"end":{"line":88,"column":null}},"25":{"start":{"line":75,"column":12},"end":{"line":75,"column":null}},"26":{"start":{"line":76,"column":15},"end":{"line":88,"column":null}},"27":{"start":{"line":77,"column":12},"end":{"line":77,"column":null}},"28":{"start":{"line":78,"column":15},"end":{"line":88,"column":null}},"29":{"start":{"line":79,"column":12},"end":{"line":79,"column":null}},"30":{"start":{"line":80,"column":15},"end":{"line":88,"column":null}},"31":{"start":{"line":81,"column":12},"end":{"line":81,"column":null}},"32":{"start":{"line":82,"column":15},"end":{"line":88,"column":null}},"33":{"start":{"line":83,"column":12},"end":{"line":83,"column":null}},"34":{"start":{"line":84,"column":15},"end":{"line":88,"column":null}},"35":{"start":{"line":85,"column":12},"end":{"line":85,"column":null}},"36":{"start":{"line":87,"column":12},"end":{"line":87,"column":null}},"37":{"start":{"line":90,"column":8},"end":{"line":90,"column":null}},"38":{"start":{"line":98,"column":8},"end":{"line":101,"column":null}},"39":{"start":{"line":99,"column":12},"end":{"line":99,"column":null}},"40":{"start":{"line":100,"column":12},"end":{"line":100,"column":null}},"41":{"start":{"line":102,"column":8},"end":{"line":102,"column":null}},"42":{"start":{"line":110,"column":8},"end":{"line":113,"column":null}},"43":{"start":{"line":111,"column":12},"end":{"line":111,"column":null}},"44":{"start":{"line":112,"column":12},"end":{"line":112,"column":null}},"45":{"start":{"line":114,"column":8},"end":{"line":114,"column":null}},"46":{"start":{"line":121,"column":8},"end":{"line":121,"column":null}},"47":{"start":{"line":128,"column":8},"end":{"line":128,"column":null}},"48":{"start":{"line":136,"column":8},"end":{"line":141,"column":null}},"49":{"start":{"line":148,"column":8},"end":{"line":148,"column":null}},"50":{"start":{"line":149,"column":8},"end":{"line":149,"column":null}},"51":{"start":{"line":153,"column":0},"end":{"line":155,"column":null}},"52":{"start":{"line":154,"column":4},"end":{"line":154,"column":null}}},"fnMap":{"0":{"name":"(anonymous_0)","decl":{"start":{"line":15,"column":4},"end":{"line":15,"column":8}},"loc":{"start":{"line":15,"column":47},"end":{"line":20,"column":5}},"line":15},"1":{"name":"(anonymous_1)","decl":{"start":{"line":26,"column":4},"end":{"line":26,"column":10}},"loc":{"start":{"line":26,"column":18},"end":{"line":61,"column":5}},"line":26},"2":{"name":"(anonymous_2)","decl":{"start":{"line":55,"column":23},"end":{"line":55,"column":24}},"loc":{"start":{"line":55,"column":29},"end":{"line":57,"column":13}},"line":55},"3":{"name":"(anonymous_3)","decl":{"start":{"line":66,"column":4},"end":{"line":66,"column":13}},"loc":{"start":{"line":66,"column":16},"end":{"line":91,"column":5}},"line":66},"4":{"name":"(anonymous_4)","decl":{"start":{"line":97,"column":4},"end":{"line":97,"column":8}},"loc":{"start":{"line":97,"column":11},"end":{"line":103,"column":5}},"line":97},"5":{"name":"(anonymous_5)","decl":{"start":{"line":109,"column":4},"end":{"line":109,"column":12}},"loc":{"start":{"line":109,"column":15},"end":{"line":115,"column":5}},"line":109},"6":{"name":"(anonymous_6)","decl":{"start":{"line":120,"column":4},"end":{"line":120,"column":9}},"loc":{"start":{"line":120,"column":12},"end":{"line":122,"column":5}},"line":120},"7":{"name":"(anonymous_7)","decl":{"start":{"line":127,"column":4},"end":{"line":127,"column":8}},"loc":{"start":{"line":127,"column":11},"end":{"line":129,"column":5}},"line":127},"8":{"name":"(anonymous_8)","decl":{"start":{"line":135,"column":4},"end":{"line":135,"column":18}},"loc":{"start":{"line":135,"column":21},"end":{"line":142,"column":5}},"line":135},"9":{"name":"(anonymous_9)","decl":{"start":{"line":147,"column":4},"end":{"line":147,"column":20}},"loc":{"start":{"line":147,"column":23},"end":{"line":150,"column":null}},"line":147}},"branchMap":{"0":{"loc":{"start":{"line":15,"column":28},"end":{"line":15,"column":45}},"type":"default-arg","locations":[{"start":{"line":15,"column":41},"end":{"line":15,"column":45}}],"line":15},"1":{"loc":{"start":{"line":27,"column":8},"end":{"line":29,"column":null}},"type":"if","locations":[{"start":{"line":27,"column":8},"end":{"line":29,"column":null}},{"start":{},"end":{}}],"line":27},"2":{"loc":{"start":{"line":27,"column":12},"end":{"line":27,"column":68}},"type":"binary-expr","locations":[{"start":{"line":27,"column":12},"end":{"line":27,"column":24}},{"start":{"line":27,"column":28},"end":{"line":27,"column":37}},{"start":{"line":27,"column":41},"end":{"line":27,"column":68}}],"line":27},"3":{"loc":{"start":{"line":36,"column":8},"end":{"line":40,"column":null}},"type":"if","locations":[{"start":{"line":36,"column":8},"end":{"line":40,"column":null}},{"start":{"line":38,"column":15},"end":{"line":40,"column":null}}],"line":36},"4":{"loc":{"start":{"line":43,"column":8},"end":{"line":47,"column":null}},"type":"if","locations":[{"start":{"line":43,"column":8},"end":{"line":47,"column":null}},{"start":{"line":45,"column":15},"end":{"line":47,"column":null}}],"line":43},"5":{"loc":{"start":{"line":53,"column":8},"end":{"line":60,"column":null}},"type":"if","locations":[{"start":{"line":53,"column":8},"end":{"line":60,"column":null}},{"start":{"line":58,"column":15},"end":{"line":60,"column":null}}],"line":53},"6":{"loc":{"start":{"line":74,"column":8},"end":{"line":88,"column":null}},"type":"if","locations":[{"start":{"line":74,"column":8},"end":{"line":88,"column":null}},{"start":{"line":76,"column":15},"end":{"line":88,"column":null}}],"line":74},"7":{"loc":{"start":{"line":76,"column":15},"end":{"line":88,"column":null}},"type":"if","locations":[{"start":{"line":76,"column":15},"end":{"line":88,"column":null}},{"start":{"line":78,"column":15},"end":{"line":88,"column":null}}],"line":76},"8":{"loc":{"start":{"line":78,"column":15},"end":{"line":88,"column":null}},"type":"if","locations":[{"start":{"line":78,"column":15},"end":{"line":88,"column":null}},{"start":{"line":80,"column":15},"end":{"line":88,"column":null}}],"line":78},"9":{"loc":{"start":{"line":80,"column":15},"end":{"line":88,"column":null}},"type":"if","locations":[{"start":{"line":80,"column":15},"end":{"line":88,"column":null}},{"start":{"line":82,"column":15},"end":{"line":88,"column":null}}],"line":80},"10":{"loc":{"start":{"line":82,"column":15},"end":{"line":88,"column":null}},"type":"if","locations":[{"start":{"line":82,"column":15},"end":{"line":88,"column":null}},{"start":{"line":84,"column":15},"end":{"line":88,"column":null}}],"line":82},"11":{"loc":{"start":{"line":84,"column":15},"end":{"line":88,"column":null}},"type":"if","locations":[{"start":{"line":84,"column":15},"end":{"line":88,"column":null}},{"start":{"line":86,"column":15},"end":{"line":88,"column":null}}],"line":84},"12":{"loc":{"start":{"line":98,"column":8},"end":{"line":101,"column":null}},"type":"if","locations":[{"start":{"line":98,"column":8},"end":{"line":101,"column":null}},{"start":{},"end":{}}],"line":98},"13":{"loc":{"start":{"line":110,"column":8},"end":{"line":113,"column":null}},"type":"if","locations":[{"start":{"line":110,"column":8},"end":{"line":113,"column":null}},{"start":{},"end":{}}],"line":110},"14":{"loc":{"start":{"line":153,"column":0},"end":{"line":155,"column":null}},"type":"if","locations":[{"start":{"line":153,"column":0},"end":{"line":155,"column":null}},{"start":{},"end":{}}],"line":153},"15":{"loc":{"start":{"line":153,"column":4},"end":{"line":153,"column":51}},"type":"binary-expr","locations":[{"start":{"line":153,"column":4},"end":{"line":153,"column":33}},{"start":{"line":153,"column":37},"end":{"line":153,"column":51}}],"line":153}},"s":{"0":1,"1":27,"2":27,"3":27,"4":27,"5":28,"6":2,"7":26,"8":26,"9":26,"10":26,"11":1,"12":25,"13":26,"14":1,"15":25,"16":26,"17":26,"18":0,"19":0,"20":0,"21":26,"22":26,"23":26,"24":26,"25":10,"26":16,"27":8,"28":8,"29":4,"30":4,"31":1,"32":3,"33":1,"34":2,"35":1,"36":1,"37":26,"38":2,"39":1,"40":1,"41":1,"42":2,"43":1,"44":1,"45":1,"46":1,"47":1,"48":3,"49":2,"50":2,"51":1,"52":1},"f":{"0":27,"1":28,"2":0,"3":26,"4":2,"5":2,"6":1,"7":1,"8":3,"9":2},"b":{"0":[27],"1":[2,26],"2":[28,28,27],"3":[1,25],"4":[1,25],"5":[0,26],"6":[10,16],"7":[8,8],"8":[4,4],"9":[1,3],"10":[1,2],"11":[1,1],"12":[1,1],"13":[1,1],"14":[1,0],"15":[1,1]},"meta":{"lastBranch":16,"lastFunction":10,"lastStatement":53,"seen":{"s:3:22:151:1":0,"f:15:4:15:8":0,"b:15:41:15:45":0,"s:16:8:16:Infinity":1,"s:17:8:17:Infinity":2,"s:18:8:18:Infinity":3,"s:19:8:19:Infinity":4,"f:26:4:26:10":1,"b:27:8:29:Infinity:undefined:undefined:undefined:undefined":1,"s:27:8:29:Infinity":5,"b:27:12:27:24:27:28:27:37:27:41:27:68":2,"s:28:12:28:Infinity":6,"s:31:22:31:40":7,"s:32:8:32:Infinity":8,"s:33:8:33:Infinity":9,"b:36:8:40:Infinity:38:15:40:Infinity":3,"s:36:8:40:Infinity":10,"s:37:12:37:Infinity":11,"s:39:12:39:Infinity":12,"b:43:8:47:Infinity:45:15:47:Infinity":4,"s:43:8:47:Infinity":13,"s:44:12:44:Infinity":14,"s:46:12:46:Infinity":15,"s:50:8:50:Infinity":16,"b:53:8:60:Infinity:58:15:60:Infinity":5,"s:53:8:60:Infinity":17,"s:54:12:54:Infinity":18,"s:55:12:57:Infinity":19,"f:55:23:55:24":2,"s:56:16:56:Infinity":20,"s:59:12:59:Infinity":21,"f:66:4:66:13":3,"s:67:21:67:47":22,"s:68:23:68:34":23,"b:74:8:88:Infinity:76:15:88:Infinity":6,"s:74:8:88:Infinity":24,"s:75:12:75:Infinity":25,"b:76:15:88:Infinity:78:15:88:Infinity":7,"s:76:15:88:Infinity":26,"s:77:12:77:Infinity":27,"b:78:15:88:Infinity:80:15:88:Infinity":8,"s:78:15:88:Infinity":28,"s:79:12:79:Infinity":29,"b:80:15:88:Infinity:82:15:88:Infinity":9,"s:80:15:88:Infinity":30,"s:81:12:81:Infinity":31,"b:82:15:88:Infinity:84:15:88:Infinity":10,"s:82:15:88:Infinity":32,"s:83:12:83:Infinity":33,"b:84:15:88:Infinity:86:15:88:Infinity":11,"s:84:15:88:Infinity":34,"s:85:12:85:Infinity":35,"s:87:12:87:Infinity":36,"s:90:8:90:Infinity":37,"f:97:4:97:8":4,"b:98:8:101:Infinity:undefined:undefined:undefined:undefined":12,"s:98:8:101:Infinity":38,"s:99:12:99:Infinity":39,"s:100:12:100:Infinity":40,"s:102:8:102:Infinity":41,"f:109:4:109:12":5,"b:110:8:113:Infinity:undefined:undefined:undefined:undefined":13,"s:110:8:113:Infinity":42,"s:111:12:111:Infinity":43,"s:112:12:112:Infinity":44,"s:114:8:114:Infinity":45,"f:120:4:120:9":6,"s:121:8:121:Infinity":46,"f:127:4:127:8":7,"s:128:8:128:Infinity":47,"f:135:4:135:18":8,"s:136:8:141:Infinity":48,"f:147:4:147:20":9,"s:148:8:148:Infinity":49,"s:149:8:149:Infinity":50,"b:153:0:155:Infinity:undefined:undefined:undefined:undefined":14,"s:153:0:155:Infinity":51,"b:153:4:153:33:153:37:153:51":15,"s:154:4:154:Infinity":52}}}
,"/home/runner/work/takahashi-presenter/takahashi-presenter/js/storage.js": {"path":"/home/runner/work/takahashi-presenter/takahashi-presenter/js/storage.js","statementMap":{"0":{"start":{"line":3,"column":23},"end":{"line":59,"column":1}},"1":{"start":{"line":12,"column":8},"end":{"line":16,"column":null}},"2":{"start":{"line":13,"column":12},"end":{"line":13,"column":null}},"3":{"start":{"line":15,"column":12},"end":{"line":15,"column":null}},"4":{"start":{"line":21,"column":8},"end":{"line":26,"column":null}},"5":{"start":{"line":22,"column":12},"end":{"line":22,"column":null}},"6":{"start":{"line":24,"column":12},"end":{"line":24,"column":null}},"7":{"start":{"line":25,"column":12},"end":{"line":25,"column":null}},"8":{"start":{"line":31,"column":8},"end":{"line":35,"column":null}},"9":{"start":{"line":32,"column":12},"end":{"line":32,"column":null}},"10":{"start":{"line":34,"column":12},"end":{"line":34,"column":null}},"11":{"start":{"line":40,"column":8},"end":{"line":46,"column":null}},"12":{"start":{"line":41,"column":29},"end":{"line":41,"column":69}},"13":{"start":{"line":42,"column":12},"end":{"line":42,"column":null}},"14":{"start":{"line":44,"column":12},"end":{"line":44,"column":null}},"15":{"start":{"line":45,"column":12},"end":{"line":45,"column":null}},"16":{"start":{"line":51,"column":8},"end":{"line":57,"column":null}},"17":{"start":{"line":52,"column":12},"end":{"line":54,"column":null}},"18":{"start":{"line":53,"column":16},"end":{"line":53,"column":null}},"19":{"start":{"line":56,"column":12},"end":{"line":56,"column":null}},"20":{"start":{"line":61,"column":0},"end":{"line":63,"column":null}},"21":{"start":{"line":62,"column":4},"end":{"line":62,"column":null}}},"fnMap":{"0":{"name":"(anonymous_0)","decl":{"start":{"line":11,"column":4},"end":{"line":11,"column":20}},"loc":{"start":{"line":11,"column":30},"end":{"line":17,"column":5}},"line":11},"1":{"name":"(anonymous_1)","decl":{"start":{"line":20,"column":4},"end":{"line":20,"column":19}},"loc":{"start":{"line":20,"column":22},"end":{"line":27,"column":5}},"line":20},"2":{"name":"(anonymous_2)","decl":{"start":{"line":30,"column":4},"end":{"line":30,"column":16}},"loc":{"start":{"line":30,"column":27},"end":{"line":36,"column":5}},"line":30},"3":{"name":"(anonymous_3)","decl":{"start":{"line":39,"column":4},"end":{"line":39,"column":15}},"loc":{"start":{"line":39,"column":18},"end":{"line":47,"column":5}},"line":39},"4":{"name":"(anonymous_4)","decl":{"start":{"line":50,"column":4},"end":{"line":50,"column":12}},"loc":{"start":{"line":50,"column":15},"end":{"line":58,"column":null}},"line":50},"5":{"name":"(anonymous_5)","decl":{"start":{"line":52,"column":45},"end":{"line":52,"column":48}},"loc":{"start":{"line":52,"column":52},"end":{"line":54,"column":13}},"line":52}},"branchMap":{"0":{"loc":{"start":{"line":22,"column":19},"end":{"line":22,"column":70}},"type":"binary-expr","locations":[{"start":{"line":22,"column":19},"end":{"line":22,"column":64}},{"start":{"line":22,"column":68},"end":{"line":22,"column":70}}],"line":22},"1":{"loc":{"start":{"line":42,"column":19},"end":{"line":42,"column":57}},"type":"cond-expr","locations":[{"start":{"line":42,"column":30},"end":{"line":42,"column":50}},{"start":{"line":42,"column":53},"end":{"line":42,"column":57}}],"line":42},"2":{"loc":{"start":{"line":61,"column":0},"end":{"line":63,"column":null}},"type":"if","locations":[{"start":{"line":61,"column":0},"end":{"line":63,"column":null}},{"start":{},"end":{}}],"line":61},"3":{"loc":{"start":{"line":61,"column":4},"end":{"line":61,"column":51}},"type":"binary-expr","locations":[{"start":{"line":61,"column":4},"end":{"line":61,"column":33}},{"start":{"line":61,"column":37},"end":{"line":61,"column":51}}],"line":61}},"s":{"0":1,"1":8,"2":8,"3":1,"4":7,"5":7,"6":1,"7":1,"8":6,"9":6,"10":1,"11":6,"12":6,"13":6,"14":1,"15":1,"16":3,"17":3,"18":7,"19":1,"20":1,"21":1},"f":{"0":8,"1":7,"2":6,"3":6,"4":3,"5":7},"b":{"0":[7,3],"1":[3,2],"2":[1,0],"3":[1,1]},"meta":{"lastBranch":4,"lastFunction":6,"lastStatement":22,"seen":{"s:3:23:59:1":0,"f:11:4:11:20":0,"s:12:8:16:Infinity":1,"s:13:12:13:Infinity":2,"s:15:12:15:Infinity":3,"f:20:4:20:19":1,"s:21:8:26:Infinity":4,"s:22:12:22:Infinity":5,"b:22:19:22:64:22:68:22:70":0,"s:24:12:24:Infinity":6,"s:25:12:25:Infinity":7,"f:30:4:30:16":2,"s:31:8:35:Infinity":8,"s:32:12:32:Infinity":9,"s:34:12:34:Infinity":10,"f:39:4:39:15":3,"s:40:8:46:Infinity":11,"s:41:29:41:69":12,"s:42:12:42:Infinity":13,"b:42:30:42:50:42:53:42:57":1,"s:44:12:44:Infinity":14,"s:45:12:45:Infinity":15,"f:50:4:50:12":4,"s:51:8:57:Infinity":16,"s:52:12:54:Infinity":17,"f:52:45:52:48":5,"s:53:16:53:Infinity":18,"s:56:12:56:Infinity":19,"b:61:0:63:Infinity:undefined:undefined:undefined:undefined":2,"s:61:0:63:Infinity":20,"b:61:4:61:33:61:37:61:51":3,"s:62:4:62:Infinity":21}}}
}
