TN:
SF:js/app.js
FN:3,(anonymous_0)
FN:28,(anonymous_1)
FN:34,validateContent
FN:54,(anonymous_3)
FN:65,(anonymous_4)
FN:82,(anonymous_5)
FN:114,(anonymous_6)
FN:122,(anonymous_7)
FN:130,(anonymous_8)
FN:147,(anonymous_9)
FN:153,(anonymous_10)
FN:159,(anonymous_11)
FN:173,loadFile
FN:175,(anonymous_13)
FN:184,(anonymous_14)
FN:213,updateThemePreview
FNF:16
FNH:0
FNDA:0,(anonymous_0)
FNDA:0,(anonymous_1)
FNDA:0,validateContent
FNDA:0,(anonymous_3)
FNDA:0,(anonymous_4)
FNDA:0,(anonymous_5)
FNDA:0,(anonymous_6)
FNDA:0,(anonymous_7)
FNDA:0,(anonymous_8)
FNDA:0,(anonymous_9)
FNDA:0,(anonymous_10)
FNDA:0,(anonymous_11)
FNDA:0,loadFile
FNDA:0,(anonymous_13)
FNDA:0,(anonymous_14)
FNDA:0,updateThemePreview
DA:3,0
DA:4,0
DA:5,0
DA:6,0
DA:7,0
DA:8,0
DA:9,0
DA:10,0
DA:11,0
DA:12,0
DA:13,0
DA:14,0
DA:17,0
DA:22,0
DA:23,0
DA:24,0
DA:28,0
DA:29,0
DA:30,0
DA:35,0
DA:36,0
DA:38,0
DA:39,0
DA:40,0
DA:43,0
DA:45,0
DA:46,0
DA:52,0
DA:53,0
DA:54,0
DA:56,0
DA:64,0
DA:65,0
DA:67,0
DA:77,0
DA:78,0
DA:82,0
DA:83,0
DA:85,0
DA:87,0
DA:89,0
DA:90,0
DA:91,0
DA:92,0
DA:93,0
DA:96,0
DA:97,0
DA:98,0
DA:100,0
DA:101,0
DA:102,0
DA:103,0
DA:106,0
DA:108,0
DA:109,0
DA:114,0
DA:115,0
DA:116,0
DA:117,0
DA:122,0
DA:123,0
DA:124,0
DA:125,0
DA:130,0
DA:131,0
DA:132,0
DA:133,0
DA:134,0
DA:137,0
DA:138,0
DA:139,0
DA:140,0
DA:141,0
DA:142,0
DA:143,0
DA:147,0
DA:148,0
DA:149,0
DA:150,0
DA:153,0
DA:154,0
DA:155,0
DA:156,0
DA:159,0
DA:160,0
DA:161,0
DA:162,0
DA:164,0
DA:165,0
DA:166,0
DA:168,0
DA:174,0
DA:175,0
DA:176,0
DA:177,0
DA:178,0
DA:180,0
DA:184,0
DA:185,0
DA:187,0
DA:188,0
DA:189,0
DA:193,0
DA:198,0
DA:201,0
DA:205,0
DA:206,0
DA:207,0
DA:208,0
DA:209,0
DA:214,0
DA:215,0
DA:216,0
DA:220,0
DA:223,0
DA:224,0
LF:116
LH:0
BRDA:23,0,0,0
BRDA:23,0,1,0
BRDA:38,1,0,0
BRDA:38,1,1,0
BRDA:45,2,0,0
BRDA:45,2,1,0
BRDA:48,3,0,0
BRDA:48,3,1,0
BRDA:52,4,0,0
BRDA:52,4,1,0
BRDA:77,5,0,0
BRDA:77,5,1,0
BRDA:85,6,0,0
BRDA:85,6,1,0
BRDA:89,7,0,0
BRDA:89,7,1,0
BRDA:98,8,0,0
BRDA:98,8,1,0
BRDA:115,9,0,0
BRDA:115,9,1,0
BRDA:124,10,0,0
BRDA:124,10,1,0
BRDA:132,11,0,0
BRDA:132,11,1,0
BRDA:165,12,0,0
BRDA:165,12,1,0
BRDA:165,13,0,0
BRDA:165,13,1,0
BRDA:165,13,2,0
BRDA:187,14,0,0
BRDA:187,14,1,0
BRDA:206,15,0,0
BRDA:206,15,1,0
BRDA:207,16,0,0
BRDA:207,16,1,0
BRDA:208,17,0,0
BRDA:208,17,1,0
BRF:37
BRH:0
end_of_record
TN:
SF:js/navigation.js
FN:24,(anonymous_0)
FN:32,(anonymous_1)
FN:33,(anonymous_2)
FN:38,(anonymous_3)
FN:43,(anonymous_4)
FN:52,(anonymous_5)
FN:178,(anonymous_6)
FNF:7
FNH:0
FNDA:0,(anonymous_0)
FNDA:0,(anonymous_1)
FNDA:0,(anonymous_2)
FNDA:0,(anonymous_3)
FNDA:0,(anonymous_4)
FNDA:0,(anonymous_5)
FNDA:0,(anonymous_6)
DA:3,0
DA:25,0
DA:26,0
DA:33,0
DA:34,0
DA:38,0
DA:39,0
DA:43,0
DA:44,0
DA:54,0
DA:55,0
DA:56,0
DA:57,0
DA:60,0
DA:63,0
DA:65,0
DA:69,0
DA:70,0
DA:71,0
DA:74,0
DA:80,0
DA:81,0
DA:82,0
DA:88,0
DA:89,0
DA:90,0
DA:94,0
DA:95,0
DA:96,0
DA:100,0
DA:101,0
DA:102,0
DA:107,0
DA:108,0
DA:109,0
DA:114,0
DA:115,0
DA:116,0
DA:121,0
DA:122,0
DA:123,0
DA:128,0
DA:129,0
DA:130,0
DA:134,0
DA:135,0
DA:136,0
DA:141,0
DA:142,0
DA:143,0
DA:148,0
DA:149,0
DA:150,0
DA:154,0
DA:155,0
DA:156,0
DA:161,0
DA:162,0
DA:163,0
DA:168,0
DA:169,0
DA:170,0
DA:180,0
DA:181,0
DA:182,0
DA:184,0
DA:187,0
DA:191,0
DA:196,0
DA:199,0
DA:203,0
DA:204,0
DA:205,0
DA:206,0
DA:208,0
DA:211,0
DA:212,0
DA:213,0
DA:215,0
DA:217,0
DA:218,0
DA:220,0
LF:82
LH:0
BRDA:54,0,0,0
BRDA:54,0,1,0
BRDA:60,1,0,0
BRDA:60,1,1,0
BRDA:60,2,0,0
BRDA:60,2,1,0
BRDA:60,2,2,0
BRDA:60,2,3,0
BRDA:60,2,4,0
BRDA:60,2,5,0
BRDA:70,3,0,0
BRDA:70,3,1,0
BRDA:74,4,0,0
BRDA:74,4,1,0
BRDA:74,4,2,0
BRDA:74,4,3,0
BRDA:74,4,4,0
BRDA:74,4,5,0
BRDA:74,4,6,0
BRDA:74,4,7,0
BRDA:74,4,8,0
BRDA:74,4,9,0
BRDA:74,4,10,0
BRDA:74,4,11,0
BRDA:74,4,12,0
BRDA:74,4,13,0
BRDA:74,4,14,0
BRDA:74,4,15,0
BRDA:74,4,16,0
BRDA:74,4,17,0
BRDA:74,4,18,0
BRDA:74,4,19,0
BRDA:74,4,20,0
BRDA:74,4,21,0
BRDA:74,4,22,0
BRDA:74,4,23,0
BRDA:74,4,24,0
BRDA:74,4,25,0
BRDA:74,4,26,0
BRDA:81,5,0,0
BRDA:81,5,1,0
BRDA:89,6,0,0
BRDA:89,6,1,0
BRDA:95,7,0,0
BRDA:95,7,1,0
BRDA:101,8,0,0
BRDA:101,8,1,0
BRDA:108,9,0,0
BRDA:108,9,1,0
BRDA:115,10,0,0
BRDA:115,10,1,0
BRDA:122,11,0,0
BRDA:122,11,1,0
BRDA:129,12,0,0
BRDA:129,12,1,0
BRDA:135,13,0,0
BRDA:135,13,1,0
BRDA:142,14,0,0
BRDA:142,14,1,0
BRDA:149,15,0,0
BRDA:149,15,1,0
BRDA:155,16,0,0
BRDA:155,16,1,0
BRDA:162,17,0,0
BRDA:162,17,1,0
BRDA:169,18,0,0
BRDA:169,18,1,0
BRDA:184,19,0,0
BRDA:184,19,1,0
BRDA:184,20,0,0
BRDA:184,20,1,0
BRDA:184,20,2,0
BRDA:184,20,3,0
BRDA:184,20,4,0
BRDA:184,20,5,0
BRDA:191,21,0,0
BRDA:191,21,1,0
BRDA:191,22,0,0
BRDA:191,22,1,0
BRDA:191,22,2,0
BRDA:191,22,3,0
BRDA:191,22,4,0
BRDA:203,23,0,0
BRDA:203,23,1,0
BRDA:203,24,0,0
BRDA:203,24,1,0
BRDA:203,24,2,0
BRDA:205,25,0,0
BRDA:205,25,1,0
BRDA:215,26,0,0
BRDA:215,26,1,0
BRDA:217,27,0,0
BRDA:217,27,1,0
BRDA:218,28,0,0
BRDA:218,28,1,0
BRDA:220,29,0,0
BRDA:220,29,1,0
BRF:97
BRH:0
end_of_record
TN:
SF:js/parser.js
FN:15,(anonymous_0)
FN:28,(anonymous_1)
FN:29,(anonymous_2)
FN:30,(anonymous_3)
FN:46,(anonymous_4)
FN:59,(anonymous_5)
FN:80,(anonymous_6)
FN:101,(anonymous_7)
FN:130,(anonymous_8)
FN:139,(anonymous_9)
FN:155,(anonymous_10)
FN:158,(anonymous_11)
FN:166,(anonymous_12)
FN:180,(anonymous_13)
FNF:14
FNH:11
FNDA:6,(anonymous_0)
FNDA:7,(anonymous_1)
FNDA:7,(anonymous_2)
FNDA:5,(anonymous_3)
FNDA:3,(anonymous_4)
FNDA:0,(anonymous_5)
FNDA:3,(anonymous_6)
FNDA:5,(anonymous_7)
FNDA:0,(anonymous_8)
FNDA:6,(anonymous_9)
FNDA:6,(anonymous_10)
FNDA:5,(anonymous_11)
FNDA:56,(anonymous_12)
FNDA:0,(anonymous_13)
DA:3,1
DA:16,6
DA:17,3
DA:21,3
DA:24,3
DA:27,3
DA:28,7
DA:29,7
DA:30,5
DA:32,3
DA:47,3
DA:48,3
DA:50,3
DA:51,3
DA:54,0
DA:55,0
DA:58,0
DA:59,0
DA:60,0
DA:61,0
DA:62,0
DA:63,0
DA:67,0
DA:82,3
DA:86,3
DA:89,3
DA:91,3
DA:102,5
DA:109,5
DA:110,0
DA:111,0
DA:112,0
DA:116,5
DA:117,0
DA:118,0
DA:119,0
DA:122,5
DA:131,0
DA:140,6
DA:142,6
DA:156,6
DA:158,6
DA:160,5
DA:161,1
DA:165,5
DA:166,56
DA:167,5
DA:168,1
DA:172,6
DA:181,0
DA:182,0
DA:187,1
DA:188,1
LF:53
LH:35
BRDA:16,0,0,3
BRDA:16,0,1,3
BRDA:16,1,0,6
BRDA:16,1,1,3
BRDA:50,2,0,3
BRDA:50,2,1,0
BRDA:61,3,0,0
BRDA:61,3,1,0
BRDA:61,4,0,0
BRDA:61,4,1,0
BRDA:101,5,0,0
BRDA:109,6,0,0
BRDA:109,6,1,5
BRDA:116,7,0,0
BRDA:116,7,1,5
BRDA:145,8,0,4
BRDA:145,8,1,2
BRDA:160,9,0,1
BRDA:160,9,1,4
BRDA:167,10,0,1
BRDA:167,10,1,4
BRDA:187,11,0,1
BRDA:187,11,1,0
BRDA:187,12,0,1
BRDA:187,12,1,1
BRF:25
BRH:16
end_of_record
TN:
SF:js/presenter.js
FN:3,(anonymous_0)
FN:77,updateUI
FN:92,updateTimer
FN:102,startTimer
FN:107,stopTimer
FN:120,toggleProgress
FN:125,toggleCounter
FN:130,toggleTimer
FN:135,togglePercentage
FN:140,toggleAllControls
FN:153,toggleFullscreen
FN:155,(anonymous_11)
FN:163,toggleHelp
FN:167,toggleOverview
FN:176,toggleAnimations
FN:182,buildOverviewGrid
FN:185,(anonymous_16)
FN:202,(anonymous_17)
FN:212,exitPresentation
FN:218,(anonymous_19)
FN:222,(anonymous_20)
FN:226,(anonymous_21)
FN:230,(anonymous_22)
FN:241,(anonymous_23)
FN:251,(anonymous_24)
FN:256,(anonymous_25)
FN:261,(anonymous_26)
FN:265,(anonymous_27)
FNF:28
FNH:0
FNDA:0,(anonymous_0)
FNDA:0,updateUI
FNDA:0,updateTimer
FNDA:0,startTimer
FNDA:0,stopTimer
FNDA:0,toggleProgress
FNDA:0,toggleCounter
FNDA:0,toggleTimer
FNDA:0,togglePercentage
FNDA:0,toggleAllControls
FNDA:0,toggleFullscreen
FNDA:0,(anonymous_11)
FNDA:0,toggleHelp
FNDA:0,toggleOverview
FNDA:0,toggleAnimations
FNDA:0,buildOverviewGrid
FNDA:0,(anonymous_16)
FNDA:0,(anonymous_17)
FNDA:0,exitPresentation
FNDA:0,(anonymous_19)
FNDA:0,(anonymous_20)
FNDA:0,(anonymous_21)
FNDA:0,(anonymous_22)
FNDA:0,(anonymous_23)
FNDA:0,(anonymous_24)
FNDA:0,(anonymous_25)
FNDA:0,(anonymous_26)
FNDA:0,(anonymous_27)
DA:3,0
DA:5,0
DA:6,0
DA:7,0
DA:8,0
DA:9,0
DA:10,0
DA:11,0
DA:12,0
DA:13,0
DA:14,0
DA:15,0
DA:16,0
DA:17,0
DA:18,0
DA:21,0
DA:22,0
DA:25,0
DA:26,0
DA:31,0
DA:32,0
DA:33,0
DA:34,0
DA:35,0
DA:37,0
DA:39,0
DA:40,0
DA:41,0
DA:42,0
DA:45,0
DA:48,0
DA:51,0
DA:52,0
DA:55,0
DA:56,0
DA:58,0
DA:59,0
DA:63,0
DA:64,0
DA:66,0
DA:67,0
DA:68,0
DA:69,0
DA:73,0
DA:74,0
DA:78,0
DA:81,0
DA:82,0
DA:85,0
DA:88,0
DA:93,0
DA:94,0
DA:95,0
DA:96,0
DA:98,0
DA:103,0
DA:108,0
DA:109,0
DA:110,0
DA:115,0
DA:116,0
DA:117,0
DA:118,0
DA:121,0
DA:122,0
DA:126,0
DA:127,0
DA:131,0
DA:132,0
DA:136,0
DA:137,0
DA:141,0
DA:142,0
DA:143,0
DA:144,0
DA:145,0
DA:147,0
DA:148,0
DA:149,0
DA:150,0
DA:154,0
DA:155,0
DA:156,0
DA:159,0
DA:164,0
DA:168,0
DA:170,0
DA:172,0
DA:177,0
DA:179,0
DA:183,0
DA:185,0
DA:186,0
DA:187,0
DA:188,0
DA:189,0
DA:192,0
DA:193,0
DA:194,0
DA:196,0
DA:197,0
DA:199,0
DA:200,0
DA:202,0
DA:203,0
DA:204,0
DA:205,0
DA:208,0
DA:213,0
DA:217,0
DA:219,0
DA:220,0
DA:223,0
DA:224,0
DA:227,0
DA:228,0
DA:231,0
DA:232,0
DA:242,0
DA:243,0
DA:251,0
DA:252,0
DA:256,0
DA:257,0
DA:261,0
DA:262,0
DA:265,0
DA:266,0
DA:270,0
DA:273,0
LF:130
LH:0
BRDA:31,0,0,0
BRDA:31,0,1,0
BRDA:34,1,0,0
BRDA:34,1,1,0
BRDA:48,2,0,0
BRDA:48,2,1,0
BRDA:55,3,0,0
BRDA:55,3,1,0
BRDA:58,4,0,0
BRDA:58,4,1,0
BRDA:66,5,0,0
BRDA:66,5,1,0
BRDA:108,6,0,0
BRDA:108,6,1,0
BRDA:122,7,0,0
BRDA:122,7,1,0
BRDA:127,8,0,0
BRDA:127,8,1,0
BRDA:132,9,0,0
BRDA:132,9,1,0
BRDA:137,10,0,0
BRDA:137,10,1,0
BRDA:147,11,0,0
BRDA:147,11,1,0
BRDA:148,12,0,0
BRDA:148,12,1,0
BRDA:149,13,0,0
BRDA:149,13,1,0
BRDA:150,14,0,0
BRDA:150,14,1,0
BRDA:154,15,0,0
BRDA:154,15,1,0
BRDA:170,16,0,0
BRDA:170,16,1,0
BRDA:179,17,0,0
BRDA:179,17,1,0
BRDA:188,18,0,0
BRDA:188,18,1,0
BRDA:197,19,0,0
BRDA:197,19,1,0
BRF:40
BRH:0
end_of_record
TN:
SF:js/renderer.js
FN:15,(anonymous_0)
FN:26,(anonymous_1)
FN:55,(anonymous_2)
FN:66,(anonymous_3)
FN:97,(anonymous_4)
FN:109,(anonymous_5)
FN:120,(anonymous_6)
FN:127,(anonymous_7)
FN:135,(anonymous_8)
FN:147,(anonymous_9)
FNF:10
FNH:0
FNDA:0,(anonymous_0)
FNDA:0,(anonymous_1)
FNDA:0,(anonymous_2)
FNDA:0,(anonymous_3)
FNDA:0,(anonymous_4)
FNDA:0,(anonymous_5)
FNDA:0,(anonymous_6)
FNDA:0,(anonymous_7)
FNDA:0,(anonymous_8)
FNDA:0,(anonymous_9)
DA:3,0
DA:16,0
DA:17,0
DA:18,0
DA:19,0
DA:27,0
DA:28,0
DA:31,0
DA:32,0
DA:33,0
DA:36,0
DA:37,0
DA:39,0
DA:43,0
DA:44,0
DA:46,0
DA:50,0
DA:53,0
DA:54,0
DA:55,0
DA:56,0
DA:59,0
DA:67,0
DA:68,0
DA:74,0
DA:75,0
DA:76,0
DA:77,0
DA:78,0
DA:79,0
DA:80,0
DA:81,0
DA:82,0
DA:83,0
DA:84,0
DA:85,0
DA:87,0
DA:90,0
DA:98,0
DA:99,0
DA:100,0
DA:102,0
DA:110,0
DA:111,0
DA:112,0
DA:114,0
DA:121,0
DA:128,0
DA:136,0
DA:148,0
DA:149,0
LF:51
LH:0
BRDA:15,0,0,0
BRDA:27,1,0,0
BRDA:27,1,1,0
BRDA:27,2,0,0
BRDA:27,2,1,0
BRDA:27,2,2,0
BRDA:36,3,0,0
BRDA:36,3,1,0
BRDA:43,4,0,0
BRDA:43,4,1,0
BRDA:53,5,0,0
BRDA:53,5,1,0
BRDA:74,6,0,0
BRDA:74,6,1,0
BRDA:76,7,0,0
BRDA:76,7,1,0
BRDA:78,8,0,0
BRDA:78,8,1,0
BRDA:80,9,0,0
BRDA:80,9,1,0
BRDA:82,10,0,0
BRDA:82,10,1,0
BRDA:84,11,0,0
BRDA:84,11,1,0
BRDA:98,12,0,0
BRDA:98,12,1,0
BRDA:110,13,0,0
BRDA:110,13,1,0
BRF:28
BRH:0
end_of_record
TN:
SF:js/storage.js
FN:11,(anonymous_0)
FN:20,(anonymous_1)
FN:30,(anonymous_2)
FN:39,(anonymous_3)
FN:50,(anonymous_4)
FN:52,(anonymous_5)
FNF:6
FNH:0
FNDA:0,(anonymous_0)
FNDA:0,(anonymous_1)
FNDA:0,(anonymous_2)
FNDA:0,(anonymous_3)
FNDA:0,(anonymous_4)
FNDA:0,(anonymous_5)
DA:3,0
DA:12,0
DA:13,0
DA:15,0
DA:21,0
DA:22,0
DA:24,0
DA:25,0
DA:31,0
DA:32,0
DA:34,0
DA:40,0
DA:41,0
DA:42,0
DA:44,0
DA:45,0
DA:51,0
DA:52,0
DA:53,0
DA:56,0
LF:20
LH:0
BRDA:22,0,0,0
BRDA:22,0,1,0
BRDA:42,1,0,0
BRDA:42,1,1,0
BRF:4
BRH:0
end_of_record
